model-1601899771,1601899771.122,0,0.57,0.2489,0.64,0.2385
model-1601899771,1601899771.141,0,0.57,0.2429,0.64,0.2223
model-1601899771,1601899771.159,0,0.57,0.2472,0.64,0.2269
model-1601899771,1601899771.178,0,0.43,0.2756,0.64,0.2448
model-1601899771,1601899771.196,0,0.5,0.2487,0.36,0.2565
model-1601899771,1601899771.221,0,0.36,0.2548,0.36,0.2519
model-1601899771,1601899771.241,0,0.43,0.2497,0.64,0.2472
model-1601899771,1601899771.263,0,0.5,0.2498,0.64,0.2458
model-1601899771,1601899771.283,0,0.5,0.2479,0.64,0.2454
model-1601899771,1601899771.3,0,0.29,0.2525,0.64,0.2474
model-1601899771,1601899771.318,0,0.86,0.2485,0.43,0.2507
model-1601899771,1601899771.337,1,0.43,0.2507,0.36,0.2562
model-1601899771,1601899771.354,1,0.43,0.2552,0.36,0.2544
model-1601899771,1601899771.371,1,0.43,0.2483,0.43,0.2491
model-1601899771,1601899771.388,1,0.57,0.2393,0.36,0.2497
model-1601899771,1601899771.404,1,0.5,0.2447,0.5,0.2478
model-1601899771,1601899771.421,1,0.36,0.2525,0.57,0.2438
model-1601899771,1601899771.439,1,0.71,0.2406,0.79,0.2409
model-1601899771,1601899771.455,1,0.79,0.2361,0.79,0.2379
model-1601899771,1601899771.472,1,0.64,0.2375,0.64,0.235
model-1601899771,1601899771.488,1,0.64,0.2303,0.64,0.2405
model-1601899771,1601899771.505,1,0.64,0.2287,0.36,0.2891
model-1601899771,1601899771.53,2,0.43,0.2932,0.36,0.2699
model-1601899771,1601899771.55,2,0.43,0.27,0.57,0.247
model-1601899771,1601899771.566,2,0.57,0.2322,0.79,0.2293
model-1601899771,1601899771.583,2,0.86,0.2178,0.79,0.2278
model-1601899771,1601899771.599,2,0.57,0.2307,0.79,0.2282
model-1601899771,1601899771.616,2,0.71,0.2302,0.71,0.2258
model-1601899771,1601899771.634,2,0.71,0.2248,0.71,0.2195
model-1601899771,1601899771.65,2,0.71,0.2347,0.71,0.2218
model-1601899771,1601899771.667,2,0.64,0.2263,0.79,0.2105
model-1601899771,1601899771.684,2,0.57,0.2538,0.71,0.212
model-1601899771,1601899771.7,2,0.43,0.2504,0.71,0.2304
model-1601899771,1601899771.723,3,0.57,0.2464,0.64,0.231
model-1601899771,1601899771.743,3,0.36,0.2386,0.64,0.2315
model-1601899771,1601899771.759,3,0.57,0.2287,0.64,0.2279
model-1601899771,1601899771.776,3,0.86,0.1818,0.64,0.2262
model-1601899771,1601899771.793,3,0.71,0.221,0.71,0.2199
model-1601899771,1601899771.814,3,0.71,0.2273,0.79,0.2138
model-1601899771,1601899771.833,3,0.71,0.2037,0.71,0.2105
model-1601899771,1601899771.851,3,0.79,0.1881,0.71,0.1996
model-1601899771,1601899771.868,3,0.71,0.2001,0.79,0.1919
model-1601899771,1601899771.888,3,0.64,0.2327,0.79,0.1947
model-1601899771,1601899771.907,3,0.43,0.2608,0.71,0.1999
model-1601899771,1601899771.931,4,0.57,0.2415,0.79,0.1938
model-1601899771,1601899771.951,4,0.71,0.1937,0.71,0.1967
model-1601899771,1601899771.97,4,0.79,0.1781,0.79,0.1919
model-1601899771,1601899771.988,4,0.71,0.1714,0.79,0.1833
model-1601899771,1601899772.005,4,0.57,0.1916,0.79,0.181
model-1601899771,1601899772.026,4,0.71,0.164,0.79,0.1863
model-1601899771,1601899772.045,4,0.79,0.1571,0.79,0.1832
model-1601899771,1601899772.068,4,0.71,0.1664,0.79,0.1808
model-1601899771,1601899772.099,4,0.79,0.173,0.71,0.1802
model-1601899771,1601899772.122,4,0.71,0.2027,0.71,0.1907
model-1601899771,1601899772.141,4,0.71,0.2117,0.5,0.2659
model-1601899771,1601899772.169,5,0.57,0.3736,0.5,0.2837
model-1601899771,1601899772.194,5,0.43,0.3475,0.71,0.2278
model-1601899771,1601899772.222,5,0.57,0.2175,0.71,0.1804
model-1601899771,1601899772.244,5,0.93,0.1102,0.79,0.1663
model-1601899771,1601899772.261,5,0.64,0.1778,0.71,0.1717
model-1601899771,1601899772.279,5,0.71,0.1415,0.71,0.1863
model-1601899771,1601899772.296,5,0.79,0.1557,0.79,0.1713
model-1601899771,1601899772.314,5,0.79,0.2122,0.71,0.18
model-1601899771,1601899772.331,5,0.79,0.167,0.71,0.1736
model-1601899771,1601899772.348,5,0.71,0.2512,0.79,0.1712
model-1601899771,1601899772.365,5,0.43,0.2679,0.71,0.179
model-1601899771,1601899772.386,6,0.5,0.2644,0.71,0.1866
model-1601899771,1601899772.403,6,0.64,0.2119,0.71,0.1968
model-1601899771,1601899772.423,6,0.57,0.1949,0.71,0.2113
model-1601899771,1601899772.443,6,0.79,0.1309,0.71,0.2127
model-1601899771,1601899772.459,6,0.79,0.209,0.71,0.2031
model-1601899771,1601899772.476,6,0.79,0.1981,0.71,0.1989
model-1601899771,1601899772.494,6,0.71,0.1886,0.71,0.189
model-1601899771,1601899772.511,6,0.79,0.1572,0.71,0.1902
model-1601899771,1601899772.529,6,0.79,0.1657,0.79,0.1863
model-1601899771,1601899772.545,6,0.71,0.2056,0.79,0.1757
model-1601899771,1601899772.562,6,0.43,0.2377,0.79,0.183
model-1601899771,1601899772.582,7,0.57,0.2383,0.79,0.1815
model-1601899771,1601899772.603,7,0.71,0.1836,0.79,0.1836
model-1601899771,1601899772.623,7,0.93,0.1342,0.71,0.1738
model-1601899771,1601899772.639,7,0.86,0.149,0.71,0.1844
model-1601899771,1601899772.656,7,0.71,0.1761,0.71,0.1836
model-1601899771,1601899772.672,7,0.86,0.1282,0.71,0.172
model-1601899771,1601899772.694,7,0.79,0.142,0.71,0.1772
model-1601899771,1601899772.713,7,0.86,0.1406,0.79,0.1821
model-1601899771,1601899772.73,7,0.79,0.1404,0.79,0.1774
model-1601899771,1601899772.75,7,0.64,0.2024,0.79,0.1801
model-1601899771,1601899772.767,7,0.57,0.2335,0.64,0.1887
model-1601899771,1601899772.794,8,0.5,0.3258,0.79,0.1991
model-1601899771,1601899772.817,8,0.64,0.2733,0.71,0.1974
model-1601899771,1601899772.836,8,0.64,0.1925,0.64,0.1787
model-1601899771,1601899772.853,8,0.86,0.0938,0.71,0.1735
model-1601899771,1601899772.87,8,0.79,0.1828,0.79,0.17
model-1601899771,1601899772.888,8,0.86,0.1187,0.71,0.1733
model-1601899771,1601899772.905,8,0.79,0.1309,0.71,0.1836
model-1601899771,1601899772.921,8,0.79,0.144,0.71,0.187
model-1601899771,1601899772.938,8,0.86,0.1388,0.71,0.1885
model-1601899771,1601899772.954,8,0.71,0.2485,0.71,0.1843
model-1601899771,1601899772.971,8,0.5,0.2909,0.71,0.1709
model-1601899771,1601899772.992,9,0.64,0.2019,0.71,0.1786
model-1601899771,1601899773.01,9,0.79,0.1713,0.79,0.1786
model-1601899771,1601899773.029,9,1.0,0.1095,0.79,0.169
model-1601899771,1601899773.053,9,0.93,0.1111,0.79,0.181
model-1601899771,1601899773.079,9,0.79,0.1709,0.79,0.1823
model-1601899771,1601899773.108,9,0.86,0.1315,0.79,0.1747
model-1601899771,1601899773.134,9,0.79,0.1402,0.79,0.1736
model-1601899771,1601899773.16,9,0.86,0.1291,0.79,0.1811
model-1601899771,1601899773.186,9,0.79,0.1149,0.79,0.1804
model-1601899771,1601899773.208,9,0.64,0.1636,0.79,0.1774
model-1601899771,1601899773.231,9,0.64,0.1849,0.79,0.1794
model-1601899771,1601899773.254,10,0.57,0.2348,0.79,0.184
model-1601899771,1601899773.271,10,0.71,0.1708,0.71,0.1862
model-1601899771,1601899773.287,10,1.0,0.0865,0.71,0.179
model-1601899771,1601899773.304,10,0.86,0.1132,0.71,0.1832
model-1601899771,1601899773.321,10,0.71,0.1502,0.71,0.1834
model-1601899771,1601899773.337,10,0.86,0.0808,0.71,0.1838
model-1601899771,1601899773.356,10,0.79,0.0975,0.71,0.185
model-1601899771,1601899773.373,10,0.86,0.108,0.71,0.1837
model-1601899771,1601899773.39,10,0.79,0.1009,0.71,0.1852
model-1601899771,1601899773.413,10,0.64,0.1438,0.79,0.1897
model-1601899771,1601899773.436,10,0.79,0.1467,0.71,0.1945
model-1601899771,1601899773.463,11,0.57,0.2455,0.71,0.1954
model-1601899771,1601899773.49,11,0.71,0.1808,0.71,0.1913
model-1601899771,1601899773.513,11,1.0,0.0779,0.79,0.187
model-1601899771,1601899773.538,11,0.93,0.094,0.71,0.185
model-1601899771,1601899773.557,11,0.79,0.1217,0.79,0.1847
model-1601899771,1601899773.579,11,1.0,0.051,0.79,0.1913
model-1601899771,1601899773.598,11,0.93,0.0634,0.79,0.1896
model-1601899771,1601899773.617,11,0.93,0.083,0.79,0.1895
model-1601899771,1601899773.634,11,0.86,0.0843,0.79,0.1928
model-1601899771,1601899773.65,11,0.93,0.1064,0.71,0.1998
model-1601899771,1601899773.667,11,1.0,0.0832,0.64,0.209
model-1601899771,1601899773.687,12,0.64,0.2149,0.64,0.2089
model-1601899771,1601899773.704,12,0.79,0.1529,0.71,0.1998
model-1601899771,1601899773.721,12,0.93,0.0499,0.71,0.1976
model-1601899771,1601899773.738,12,0.93,0.0898,0.57,0.2081
model-1601899771,1601899773.755,12,0.93,0.0957,0.64,0.2111
model-1601899771,1601899773.771,12,1.0,0.0245,0.57,0.2158
model-1601899771,1601899773.789,12,1.0,0.0461,0.57,0.2219
model-1601899771,1601899773.806,12,0.93,0.0928,0.64,0.2166
model-1601899771,1601899773.821,12,0.93,0.0684,0.64,0.208
model-1601899771,1601899773.838,12,0.93,0.07,0.64,0.1985
model-1601899771,1601899773.854,12,1.0,0.0508,0.64,0.1983
model-1601899771,1601899773.878,13,0.79,0.1336,0.71,0.1904
model-1601899771,1601899773.895,13,0.93,0.0962,0.71,0.1968
model-1601899771,1601899773.911,13,0.86,0.058,0.71,0.197
model-1601899771,1601899773.928,13,0.86,0.0583,0.71,0.1988
model-1601899771,1601899773.944,13,1.0,0.0469,0.57,0.2232
model-1601899771,1601899773.961,13,1.0,0.0109,0.57,0.246
model-1601899771,1601899773.979,13,1.0,0.0293,0.57,0.2566
model-1601899771,1601899773.995,13,0.93,0.0881,0.57,0.2508
model-1601899771,1601899774.012,13,0.93,0.073,0.57,0.2387
model-1601899771,1601899774.028,13,0.93,0.045,0.79,0.212
model-1601899771,1601899774.044,13,1.0,0.0076,0.79,0.2008
model-1601899771,1601899774.065,14,0.86,0.0732,0.71,0.2247
model-1601899771,1601899774.082,14,0.93,0.0792,0.71,0.24
model-1601899771,1601899774.098,14,0.86,0.0989,0.71,0.2611
model-1601899771,1601899774.115,14,0.71,0.1347,0.71,0.2215
model-1601899771,1601899774.131,14,0.93,0.1008,0.64,0.222
model-1601899771,1601899774.148,14,1.0,0.0099,0.57,0.2456
model-1601899771,1601899774.166,14,1.0,0.0185,0.64,0.2557
model-1601899771,1601899774.182,14,0.79,0.1214,0.64,0.2654
model-1601899771,1601899774.198,14,0.93,0.096,0.64,0.2548
model-1601899771,1601899774.22,14,0.86,0.0689,0.64,0.2386
model-1601899771,1601899774.247,14,0.86,0.0591,0.64,0.2206
model-1601899771,1601899774.28,15,0.71,0.1582,0.71,0.1971
model-1601899771,1601899774.303,15,0.93,0.0694,0.71,0.2131
model-1601899771,1601899774.324,15,0.93,0.0459,0.71,0.2659
model-1601899771,1601899774.344,15,0.86,0.0906,0.64,0.283
model-1601899771,1601899774.365,15,0.64,0.1815,0.64,0.2579
model-1601899771,1601899774.389,15,0.93,0.0526,0.71,0.2458
model-1601899771,1601899774.408,15,0.86,0.0929,0.71,0.2375
model-1601899771,1601899774.428,15,0.86,0.1263,0.64,0.2114
model-1601899771,1601899774.447,15,0.79,0.0804,0.71,0.1904
model-1601899771,1601899774.463,15,1.0,0.0448,0.71,0.1749
model-1601899771,1601899774.48,15,1.0,0.0276,0.71,0.1654
model-1601899771,1601899774.502,16,0.71,0.1536,0.71,0.1755
model-1601899771,1601899774.519,16,0.64,0.1501,0.71,0.167
model-1601899771,1601899774.536,16,0.93,0.066,0.79,0.1584
model-1601899771,1601899774.552,16,1.0,0.0109,0.71,0.1578
model-1601899771,1601899774.568,16,1.0,0.0477,0.79,0.1602
model-1601899771,1601899774.584,16,1.0,0.0178,0.79,0.1694
model-1601899771,1601899774.602,16,0.93,0.0402,0.79,0.1833
model-1601899771,1601899774.618,16,0.86,0.0952,0.79,0.1762
model-1601899771,1601899774.635,16,0.86,0.0765,0.79,0.1695
model-1601899771,1601899774.651,16,0.93,0.0644,0.64,0.171
model-1601899771,1601899774.668,16,1.0,0.0158,0.71,0.1847
model-1601899771,1601899774.687,17,0.79,0.1132,0.71,0.1907
model-1601899771,1601899774.705,17,0.93,0.0647,0.71,0.1889
model-1601899771,1601899774.721,17,1.0,0.0215,0.71,0.1874
model-1601899771,1601899774.738,17,1.0,0.0038,0.71,0.1855
model-1601899771,1601899774.754,17,1.0,0.0179,0.71,0.1848
model-1601899771,1601899774.771,17,1.0,0.0089,0.71,0.1847
model-1601899771,1601899774.789,17,1.0,0.0069,0.71,0.1863
model-1601899771,1601899774.805,17,0.86,0.0533,0.71,0.1856
model-1601899771,1601899774.822,17,1.0,0.0134,0.71,0.1877
model-1601899771,1601899774.839,17,1.0,0.0156,0.71,0.1866
model-1601899771,1601899774.86,17,1.0,0.0056,0.71,0.1852
model-1601899771,1601899774.886,18,1.0,0.0147,0.71,0.1835
model-1601899771,1601899774.906,18,1.0,0.025,0.71,0.1806
model-1601899771,1601899774.927,18,1.0,0.0186,0.71,0.1755
model-1601899771,1601899774.95,18,1.0,0.0054,0.71,0.1726
model-1601899771,1601899774.975,18,1.0,0.0054,0.71,0.171
model-1601899771,1601899774.996,18,1.0,0.0016,0.71,0.1721
model-1601899771,1601899775.015,18,1.0,0.0091,0.71,0.1766
model-1601899771,1601899775.035,18,1.0,0.0062,0.71,0.1807
model-1601899771,1601899775.053,18,0.93,0.0272,0.71,0.1848
model-1601899771,1601899775.07,18,1.0,0.0022,0.71,0.1892
model-1601899771,1601899775.086,18,1.0,0.0029,0.71,0.1919
model-1601899771,1601899775.107,19,1.0,0.0267,0.71,0.1846
model-1601899771,1601899775.124,19,1.0,0.0054,0.71,0.179
model-1601899771,1601899775.14,19,1.0,0.0031,0.71,0.1789
model-1601899771,1601899775.157,19,1.0,0.0012,0.79,0.1827
model-1601899771,1601899775.173,19,1.0,0.0031,0.71,0.1884
model-1601899771,1601899775.19,19,1.0,0.0007,0.71,0.1952
model-1601899771,1601899775.208,19,1.0,0.0015,0.71,0.2025
model-1601899771,1601899775.224,19,1.0,0.0046,0.71,0.2035
model-1601899771,1601899775.241,19,1.0,0.0058,0.71,0.202
model-1601899771,1601899775.258,19,1.0,0.0061,0.71,0.1983
model-1601899771,1601899775.274,19,1.0,0.0088,0.71,0.1891
model-1601899771,1601899775.296,20,1.0,0.0015,0.71,0.1863
model-1601899771,1601899775.315,20,1.0,0.0063,0.71,0.1866
model-1601899771,1601899775.335,20,1.0,0.0021,0.71,0.189
model-1601899771,1601899775.351,20,1.0,0.0004,0.71,0.1925
model-1601899771,1601899775.368,20,1.0,0.001,0.79,0.196
model-1601899771,1601899775.384,20,1.0,0.0008,0.79,0.1998
model-1601899771,1601899775.402,20,1.0,0.0004,0.79,0.2037
model-1601899771,1601899775.419,20,1.0,0.0069,0.79,0.2044
model-1601899771,1601899775.435,20,1.0,0.0053,0.79,0.2006
model-1601899771,1601899775.452,20,1.0,0.0007,0.79,0.1974
model-1601899771,1601899775.468,20,1.0,0.0003,0.79,0.1944
model-1601899771,1601899775.491,21,1.0,0.0024,0.71,0.1901
model-1601899771,1601899775.508,21,1.0,0.0026,0.71,0.1854
model-1601899771,1601899775.526,21,1.0,0.0012,0.71,0.1814
model-1601899771,1601899775.542,21,1.0,0.0004,0.71,0.1779
model-1601899771,1601899775.559,21,1.0,0.0005,0.71,0.1748
model-1601899771,1601899775.575,21,1.0,0.0004,0.71,0.172
model-1601899771,1601899775.593,21,1.0,0.0005,0.71,0.17
model-1601899771,1601899775.61,21,1.0,0.0006,0.71,0.1687
model-1601899771,1601899775.626,21,1.0,0.0017,0.71,0.1687
model-1601899771,1601899775.642,21,1.0,0.0005,0.71,0.1688
model-1601899771,1601899775.659,21,1.0,0.0002,0.71,0.169
model-1601899771,1601899775.679,22,1.0,0.0003,0.71,0.169
model-1601899771,1601899775.695,22,1.0,0.0012,0.71,0.1695
model-1601899771,1601899775.712,22,1.0,0.0018,0.71,0.1698
model-1601899771,1601899775.728,22,1.0,0.0004,0.71,0.1702
model-1601899771,1601899775.745,22,1.0,0.0006,0.71,0.1707
model-1601899771,1601899775.761,22,1.0,0.0003,0.71,0.1712
model-1601899771,1601899775.779,22,1.0,0.0004,0.71,0.1719
model-1601899771,1601899775.796,22,1.0,0.0004,0.71,0.1728
model-1601899771,1601899775.812,22,1.0,0.001,0.71,0.1743
model-1601899771,1601899775.828,22,1.0,0.0004,0.71,0.1757
model-1601899771,1601899775.844,22,1.0,0.0002,0.71,0.1771
model-1601899771,1601899775.865,23,1.0,0.0004,0.71,0.1782
model-1601899771,1601899775.885,23,1.0,0.0005,0.71,0.1794
model-1601899771,1601899775.904,23,1.0,0.0007,0.71,0.1805
model-1601899771,1601899775.921,23,1.0,0.0001,0.71,0.1816
model-1601899771,1601899775.94,23,1.0,0.0003,0.71,0.1826
model-1601899771,1601899775.958,23,1.0,0.0002,0.71,0.1836
model-1601899771,1601899775.977,23,1.0,0.0002,0.71,0.1847
model-1601899771,1601899775.997,23,1.0,0.0003,0.71,0.1856
model-1601899771,1601899776.019,23,1.0,0.0003,0.71,0.1868
model-1601899771,1601899776.04,23,1.0,0.0002,0.71,0.1879
model-1601899771,1601899776.06,23,1.0,0.0001,0.71,0.1891
model-1601899771,1601899776.091,24,1.0,0.0006,0.71,0.1893
model-1601899771,1601899776.115,24,1.0,0.0004,0.71,0.1894
model-1601899771,1601899776.143,24,1.0,0.0004,0.71,0.1895
model-1601899771,1601899776.174,24,1.0,0.0001,0.71,0.1897
model-1601899771,1601899776.204,24,1.0,0.0003,0.71,0.1897
model-1601899771,1601899776.227,24,1.0,0.0002,0.71,0.1898
model-1601899771,1601899776.251,24,1.0,0.0001,0.71,0.1898
model-1601899771,1601899776.27,24,1.0,0.0002,0.71,0.1899
model-1601899771,1601899776.287,24,1.0,0.0002,0.71,0.1902
model-1601899771,1601899776.304,24,1.0,0.0002,0.71,0.1905
model-1601899771,1601899776.321,24,1.0,0.0001,0.71,0.1907
model-1601899771,1601899776.345,25,1.0,0.0005,0.71,0.1904
model-1601899771,1601899776.364,25,1.0,0.0003,0.71,0.1901
model-1601899771,1601899776.381,25,1.0,0.0003,0.71,0.1898
model-1601899771,1601899776.398,25,1.0,0.0001,0.71,0.1895
model-1601899771,1601899776.415,25,1.0,0.0002,0.71,0.1893
model-1601899771,1601899776.431,25,1.0,0.0001,0.71,0.1891
model-1601899771,1601899776.448,25,1.0,0.0001,0.71,0.1889
model-1601899771,1601899776.465,25,1.0,0.0002,0.71,0.1888
model-1601899771,1601899776.481,25,1.0,0.0002,0.71,0.189
model-1601899771,1601899776.497,25,1.0,0.0001,0.71,0.1891
model-1601899771,1601899776.514,25,1.0,0.0001,0.71,0.1893
model-1601899771,1601899776.535,26,1.0,0.0003,0.71,0.1892
model-1601899771,1601899776.553,26,1.0,0.0002,0.71,0.189
model-1601899771,1601899776.57,26,1.0,0.0003,0.71,0.1889
model-1601899771,1601899776.588,26,1.0,0.0001,0.71,0.1889
model-1601899771,1601899776.607,26,1.0,0.0002,0.71,0.1888
model-1601899771,1601899776.627,26,1.0,0.0001,0.71,0.1888
model-1601899771,1601899776.649,26,1.0,0.0001,0.71,0.1888
model-1601899771,1601899776.672,26,1.0,0.0001,0.71,0.1889
model-1601899771,1601899776.698,26,1.0,0.0002,0.71,0.1892
model-1601899771,1601899776.719,26,1.0,0.0001,0.71,0.1895
model-1601899771,1601899776.74,26,1.0,0.0001,0.71,0.1898
model-1601899771,1601899776.766,27,1.0,0.0002,0.71,0.1899
model-1601899771,1601899776.782,27,1.0,0.0002,0.71,0.1899
model-1601899771,1601899776.799,27,1.0,0.0002,0.71,0.1899
model-1601899771,1601899776.815,27,1.0,0.0,0.71,0.1901
model-1601899771,1601899776.831,27,1.0,0.0001,0.71,0.1901
model-1601899771,1601899776.848,27,1.0,0.0001,0.71,0.1902
model-1601899771,1601899776.865,27,1.0,0.0001,0.71,0.1904
model-1601899771,1601899776.882,27,1.0,0.0001,0.71,0.1906
model-1601899771,1601899776.898,27,1.0,0.0002,0.71,0.1909
model-1601899771,1601899776.915,27,1.0,0.0001,0.71,0.1914
model-1601899771,1601899776.931,27,1.0,0.0001,0.71,0.1918
model-1601899771,1601899776.952,28,1.0,0.0002,0.71,0.1918
model-1601899771,1601899776.969,28,1.0,0.0002,0.71,0.1919
model-1601899771,1601899776.986,28,1.0,0.0002,0.71,0.192
model-1601899771,1601899777.002,28,1.0,0.0,0.71,0.1922
model-1601899771,1601899777.019,28,1.0,0.0001,0.71,0.1924
model-1601899771,1601899777.035,28,1.0,0.0001,0.71,0.1925
model-1601899771,1601899777.053,28,1.0,0.0001,0.71,0.1927
model-1601899771,1601899777.07,28,1.0,0.0001,0.71,0.1929
model-1601899771,1601899777.087,28,1.0,0.0001,0.71,0.1932
model-1601899771,1601899777.104,28,1.0,0.0001,0.71,0.1936
model-1601899771,1601899777.122,28,1.0,0.0001,0.71,0.194
model-1601899771,1601899777.142,29,1.0,0.0002,0.71,0.1941
model-1601899771,1601899777.159,29,1.0,0.0002,0.71,0.1941
model-1601899771,1601899777.176,29,1.0,0.0002,0.71,0.1942
model-1601899771,1601899777.195,29,1.0,0.0,0.71,0.1943
model-1601899771,1601899777.215,29,1.0,0.0001,0.71,0.1944
model-1601899771,1601899777.232,29,1.0,0.0001,0.71,0.1945
model-1601899771,1601899777.253,29,1.0,0.0001,0.71,0.1947
model-1601899771,1601899777.272,29,1.0,0.0001,0.71,0.1948
model-1601899771,1601899777.289,29,1.0,0.0001,0.71,0.1951
model-1601899771,1601899777.306,29,1.0,0.0001,0.71,0.1955
model-1601899771,1601899777.323,29,1.0,0.0,0.71,0.1958
model-1601901109,1601901109.05,0,0.43,0.2514,0.64,0.2352
model-1601901109,1601901109.068,0,0.57,0.2378,0.64,0.2239
model-1601901109,1601901109.085,0,0.57,0.2606,0.64,0.2252
model-1601901109,1601901109.101,0,0.43,0.2708,0.36,0.2588
model-1601901109,1601901109.118,0,0.5,0.25,0.43,0.2606
model-1601901109,1601901109.135,0,0.36,0.2659,0.43,0.2566
model-1601901109,1601901109.154,0,0.43,0.256,0.36,0.2553
model-1601901109,1601901109.171,0,0.57,0.2477,0.36,0.2535
model-1601901109,1601901109.188,0,0.5,0.2497,0.36,0.2527
model-1601901109,1601901109.205,0,0.71,0.2452,0.36,0.2549
model-1601901109,1601901109.223,0,0.64,0.2446,0.36,0.259
model-1601901109,1601901109.243,1,0.43,0.2546,0.43,0.2554
model-1601901109,1601901109.261,1,0.43,0.2563,0.43,0.2544
model-1601901109,1601901109.278,1,0.43,0.2537,0.43,0.2531
model-1601901109,1601901109.294,1,0.57,0.2448,0.36,0.256
model-1601901109,1601901109.311,1,0.5,0.2487,0.36,0.2556
model-1601901109,1601901109.328,1,0.36,0.2578,0.43,0.2511
model-1601901109,1601901109.347,1,0.43,0.2501,0.36,0.2526
model-1601901109,1601901109.366,1,0.57,0.2445,0.43,0.2497
model-1601901109,1601901109.392,1,0.5,0.2469,0.36,0.2522
model-1601901109,1601901109.416,1,0.71,0.2394,0.36,0.2543
model-1601901109,1601901109.44,1,0.64,0.2388,0.36,0.2622
model-1601901109,1601901109.467,2,0.43,0.2559,0.36,0.2645
model-1601901109,1601901109.488,2,0.43,0.2589,0.36,0.2606
model-1601901109,1601901109.506,2,0.43,0.2512,0.36,0.2568
model-1601901109,1601901109.523,2,0.57,0.234,0.36,0.2545
model-1601901109,1601901109.54,2,0.5,0.2436,0.43,0.2461
model-1601901109,1601901109.556,2,0.36,0.2569,0.43,0.248
model-1601901109,1601901109.574,2,0.43,0.2407,0.57,0.2452
model-1601901109,1601901109.589,2,0.64,0.2323,0.71,0.24
model-1601901109,1601901109.606,2,0.71,0.2346,0.64,0.2399
model-1601901109,1601901109.622,2,0.71,0.2259,0.5,0.2465
model-1601901109,1601901109.639,2,0.64,0.2246,0.36,0.2795
model-1601901109,1601901109.66,3,0.43,0.2759,0.43,0.2532
model-1601901109,1601901109.676,3,0.43,0.2641,0.64,0.244
model-1601901109,1601901109.693,3,0.57,0.2359,0.79,0.2327
model-1601901109,1601901109.71,3,0.86,0.2112,0.79,0.2304
model-1601901109,1601901109.727,3,0.64,0.2277,0.79,0.2272
model-1601901109,1601901109.744,3,0.64,0.2324,0.79,0.2246
model-1601901109,1601901109.762,3,0.79,0.2135,0.71,0.2238
model-1601901109,1601901109.778,3,0.79,0.2159,0.79,0.2135
model-1601901109,1601901109.795,3,0.79,0.2031,0.71,0.2104
model-1601901109,1601901109.811,3,0.71,0.2161,0.64,0.2301
model-1601901109,1601901109.828,3,0.71,0.2108,0.43,0.281
model-1601901109,1601901109.851,4,0.43,0.3323,0.43,0.2705
model-1601901109,1601901109.869,4,0.43,0.3021,0.57,0.25
model-1601901109,1601901109.885,4,0.57,0.24,0.79,0.2053
model-1601901109,1601901109.902,4,0.86,0.1597,0.79,0.196
model-1601901109,1601901109.918,4,0.64,0.205,0.79,0.1826
model-1601901109,1601901109.935,4,0.71,0.1957,0.64,0.1838
model-1601901109,1601901109.952,4,0.71,0.1731,0.64,0.1818
model-1601901109,1601901109.968,4,0.79,0.21,0.79,0.1801
model-1601901109,1601901109.984,4,0.71,0.1867,0.79,0.1806
model-1601901109,1601901110.001,4,0.64,0.2536,0.71,0.1849
model-1601901109,1601901110.019,4,0.57,0.2305,0.71,0.2112
model-1601901109,1601901110.044,5,0.57,0.2551,0.64,0.2285
model-1601901109,1601901110.064,5,0.36,0.2585,0.57,0.2339
model-1601901109,1601901110.081,5,0.57,0.2434,0.57,0.2326
model-1601901109,1601901110.097,5,0.64,0.1766,0.57,0.2348
model-1601901109,1601901110.113,5,0.57,0.2383,0.64,0.2275
model-1601901109,1601901110.13,5,0.43,0.252,0.64,0.2256
model-1601901109,1601901110.148,5,0.71,0.2134,0.86,0.2196
model-1601901109,1601901110.164,5,0.79,0.1929,0.71,0.2136
model-1601901109,1601901110.181,5,0.64,0.1998,0.79,0.2112
model-1601901109,1601901110.198,5,0.71,0.2303,0.79,0.2093
model-1601901109,1601901110.216,5,0.57,0.2321,0.79,0.2038
model-1601901109,1601901110.237,6,0.57,0.2302,0.79,0.2068
model-1601901109,1601901110.254,6,0.79,0.2097,0.79,0.1992
model-1601901109,1601901110.27,6,0.86,0.1806,0.79,0.1958
model-1601901109,1601901110.287,6,0.86,0.1783,0.79,0.1938
model-1601901109,1601901110.303,6,0.71,0.2006,0.79,0.1933
model-1601901109,1601901110.32,6,0.86,0.1706,0.79,0.182
model-1601901109,1601901110.336,6,0.79,0.1594,0.79,0.1747
model-1601901109,1601901110.353,6,0.79,0.1523,0.79,0.1744
model-1601901109,1601901110.369,6,0.79,0.1499,0.79,0.1711
model-1601901109,1601901110.386,6,0.71,0.2234,0.79,0.1725
model-1601901109,1601901110.402,6,0.5,0.2174,0.79,0.1843
model-1601901109,1601901110.423,7,0.57,0.3127,0.79,0.2044
model-1601901109,1601901110.44,7,0.57,0.2839,0.79,0.2049
model-1601901109,1601901110.457,7,0.57,0.238,0.79,0.1831
model-1601901109,1601901110.474,7,0.86,0.1086,0.71,0.1736
model-1601901109,1601901110.49,7,0.71,0.1958,0.79,0.1792
model-1601901109,1601901110.507,7,0.86,0.1317,0.79,0.185
model-1601901109,1601901110.524,7,0.79,0.1384,0.71,0.1807
model-1601901109,1601901110.542,7,0.71,0.1511,0.71,0.1982
model-1601901109,1601901110.559,7,0.86,0.1449,0.71,0.1858
model-1601901109,1601901110.575,7,0.64,0.2748,0.71,0.179
model-1601901109,1601901110.592,7,0.57,0.2966,0.79,0.1812
model-1601901109,1601901110.615,8,0.64,0.232,0.79,0.1725
model-1601901109,1601901110.635,8,0.71,0.1789,0.79,0.1806
model-1601901109,1601901110.652,8,0.79,0.141,0.79,0.183
model-1601901109,1601901110.668,8,0.86,0.1187,0.71,0.1898
model-1601901109,1601901110.685,8,0.71,0.1971,0.71,0.191
model-1601901109,1601901110.7,8,0.86,0.1623,0.79,0.1876
model-1601901109,1601901110.719,8,0.79,0.1542,0.79,0.184
model-1601901109,1601901110.736,8,0.79,0.1301,0.79,0.1839
model-1601901109,1601901110.752,8,0.79,0.1265,0.71,0.1798
model-1601901109,1601901110.769,8,0.71,0.2001,0.71,0.1864
model-1601901109,1601901110.785,8,0.64,0.2012,0.79,0.183
model-1601901109,1601901110.806,9,0.57,0.2355,0.71,0.1877
model-1601901109,1601901110.823,9,0.71,0.1702,0.71,0.1841
model-1601901109,1601901110.839,9,1.0,0.0914,0.71,0.193
model-1601901109,1601901110.856,9,0.86,0.1332,0.71,0.1853
model-1601901109,1601901110.872,9,0.71,0.1732,0.71,0.1926
model-1601901109,1601901110.889,9,0.93,0.0999,0.71,0.1846
model-1601901109,1601901110.907,9,0.79,0.1225,0.71,0.1864
model-1601901109,1601901110.923,9,0.79,0.1201,0.79,0.1847
model-1601901109,1601901110.94,9,0.86,0.0991,0.79,0.1892
model-1601901109,1601901110.956,9,0.71,0.1705,0.79,0.1878
model-1601901109,1601901110.973,9,0.86,0.1242,0.79,0.1908
model-1601901109,1601901110.994,10,0.57,0.2854,0.79,0.1916
model-1601901109,1601901111.011,10,0.71,0.2183,0.79,0.1894
model-1601901109,1601901111.027,10,0.86,0.0834,0.71,0.1926
model-1601901109,1601901111.044,10,0.79,0.1092,0.71,0.1884
model-1601901109,1601901111.06,10,0.79,0.147,0.71,0.1946
model-1601901109,1601901111.076,10,0.93,0.0706,0.71,0.1911
model-1601901109,1601901111.094,10,0.79,0.1044,0.71,0.1835
model-1601901109,1601901111.111,10,0.93,0.1318,0.71,0.1821
model-1601901109,1601901111.127,10,0.93,0.0757,0.79,0.1834
model-1601901109,1601901111.143,10,0.79,0.1424,0.71,0.1862
model-1601901109,1601901111.16,10,0.93,0.0756,0.64,0.1953
model-1601901109,1601901111.181,11,0.57,0.2785,0.64,0.1957
model-1601901109,1601901111.198,11,0.71,0.2112,0.71,0.187
model-1601901109,1601901111.215,11,1.0,0.0757,0.79,0.184
model-1601901109,1601901111.232,11,0.86,0.0636,0.71,0.1828
model-1601901109,1601901111.248,11,0.79,0.1143,0.71,0.1827
model-1601901109,1601901111.265,11,0.93,0.0431,0.71,0.1753
model-1601901109,1601901111.282,11,0.79,0.0973,0.71,0.1759
model-1601901109,1601901111.299,11,0.79,0.1282,0.71,0.1817
model-1601901109,1601901111.315,11,0.93,0.0586,0.79,0.1814
model-1601901109,1601901111.332,11,0.86,0.1113,0.71,0.1921
model-1601901109,1601901111.348,11,1.0,0.0501,0.64,0.2009
model-1601901109,1601901111.368,12,0.57,0.2581,0.64,0.2012
model-1601901109,1601901111.386,12,0.71,0.1961,0.71,0.1961
model-1601901109,1601901111.402,12,1.0,0.054,0.79,0.1882
model-1601901109,1601901111.419,12,1.0,0.0403,0.79,0.1843
model-1601901109,1601901111.436,12,0.93,0.0839,0.79,0.1839
model-1601901109,1601901111.451,12,1.0,0.0225,0.71,0.1897
model-1601901109,1601901111.469,12,0.79,0.0774,0.71,0.193
model-1601901109,1601901111.485,12,0.86,0.1103,0.71,0.1873
model-1601901109,1601901111.502,12,0.93,0.0434,0.79,0.1896
model-1601901109,1601901111.518,12,0.86,0.095,0.71,0.1963
model-1601901109,1601901111.534,12,1.0,0.0458,0.71,0.2061
model-1601901109,1601901111.555,13,0.71,0.2029,0.64,0.2067
model-1601901109,1601901111.573,13,0.79,0.1505,0.71,0.205
model-1601901109,1601901111.591,13,1.0,0.0361,0.71,0.2028
model-1601901109,1601901111.608,13,1.0,0.0267,0.71,0.1996
model-1601901109,1601901111.626,13,1.0,0.052,0.71,0.1891
model-1601901109,1601901111.643,13,1.0,0.0109,0.79,0.1856
model-1601901109,1601901111.663,13,0.93,0.0423,0.71,0.1813
model-1601901109,1601901111.685,13,0.86,0.1042,0.71,0.1834
model-1601901109,1601901111.707,13,0.93,0.0425,0.79,0.1821
model-1601901109,1601901111.729,13,0.86,0.0714,0.79,0.1844
model-1601901109,1601901111.752,13,1.0,0.0285,0.71,0.1972
model-1601901109,1601901111.777,14,0.86,0.1591,0.71,0.2006
model-1601901109,1601901111.795,14,0.86,0.1159,0.71,0.205
model-1601901109,1601901111.815,14,1.0,0.0222,0.71,0.2068
model-1601901109,1601901111.836,14,1.0,0.0148,0.71,0.2062
model-1601901109,1601901111.856,14,1.0,0.0429,0.71,0.202
model-1601901109,1601901111.873,14,1.0,0.0068,0.71,0.1944
model-1601901109,1601901111.894,14,1.0,0.0239,0.71,0.1834
model-1601901109,1601901111.912,14,0.93,0.0902,0.79,0.176
model-1601901109,1601901111.928,14,0.93,0.032,0.79,0.1739
model-1601901109,1601901111.945,14,0.93,0.0638,0.79,0.173
model-1601901109,1601901111.961,14,1.0,0.0467,0.79,0.1781
model-1601901109,1601901111.981,15,0.86,0.1257,0.79,0.1763
model-1601901109,1601901111.998,15,0.86,0.101,0.71,0.1866
model-1601901109,1601901112.015,15,1.0,0.0133,0.79,0.1985
model-1601901109,1601901112.031,15,1.0,0.0055,0.79,0.2048
model-1601901109,1601901112.051,15,0.93,0.0598,0.79,0.2046
model-1601901109,1601901112.071,15,1.0,0.0173,0.71,0.2055
model-1601901109,1601901112.089,15,1.0,0.0285,0.71,0.2034
model-1601901109,1601901112.105,15,0.86,0.0932,0.71,0.1812
model-1601901109,1601901112.123,15,1.0,0.0137,0.79,0.1694
model-1601901109,1601901112.139,15,1.0,0.0318,0.79,0.1782
model-1601901109,1601901112.156,15,1.0,0.0523,0.79,0.1701
model-1601901109,1601901112.175,16,0.93,0.0806,0.79,0.1674
model-1601901109,1601901112.193,16,0.86,0.089,0.79,0.1672
model-1601901109,1601901112.21,16,1.0,0.0223,0.71,0.1835
model-1601901109,1601901112.226,16,1.0,0.0127,0.71,0.2028
model-1601901109,1601901112.243,16,1.0,0.0085,0.79,0.2143
model-1601901109,1601901112.26,16,1.0,0.0041,0.71,0.2242
model-1601901109,1601901112.278,16,1.0,0.0517,0.71,0.2286
model-1601901109,1601901112.298,16,0.79,0.1501,0.79,0.225
model-1601901109,1601901112.319,16,0.93,0.0743,0.71,0.2129
model-1601901109,1601901112.339,16,0.93,0.0508,0.71,0.1939
model-1601901109,1601901112.359,16,0.93,0.0319,0.71,0.1719
model-1601901109,1601901112.384,17,0.93,0.0778,0.71,0.1769
model-1601901109,1601901112.404,17,0.93,0.0522,0.79,0.1856
model-1601901109,1601901112.421,17,1.0,0.044,0.71,0.1868
model-1601901109,1601901112.438,17,0.86,0.0693,0.79,0.1677
model-1601901109,1601901112.456,17,0.86,0.1051,0.79,0.1558
model-1601901109,1601901112.472,17,1.0,0.008,0.79,0.1592
model-1601901109,1601901112.491,17,0.93,0.0296,0.79,0.1675
model-1601901109,1601901112.508,17,0.93,0.0581,0.79,0.1721
model-1601901109,1601901112.527,17,0.93,0.0318,0.86,0.1774
model-1601901109,1601901112.547,17,1.0,0.0295,0.79,0.1815
model-1601901109,1601901112.564,17,0.93,0.0545,0.86,0.1802
model-1601901109,1601901112.584,18,0.79,0.1736,0.79,0.1755
model-1601901109,1601901112.601,18,0.93,0.0462,0.79,0.175
model-1601901109,1601901112.617,18,1.0,0.0102,0.79,0.1797
model-1601901109,1601901112.634,18,1.0,0.0044,0.79,0.1872
model-1601901109,1601901112.65,18,1.0,0.0231,0.79,0.196
model-1601901109,1601901112.667,18,1.0,0.0052,0.71,0.2041
model-1601901109,1601901112.684,18,1.0,0.0035,0.71,0.2109
model-1601901109,1601901112.701,18,0.86,0.0942,0.71,0.2133
model-1601901109,1601901112.718,18,1.0,0.0216,0.71,0.2137
model-1601901109,1601901112.735,18,0.93,0.0381,0.71,0.2118
model-1601901109,1601901112.752,18,1.0,0.0058,0.71,0.2108
model-1601901109,1601901112.772,19,0.93,0.0716,0.71,0.211
model-1601901109,1601901112.789,19,1.0,0.0198,0.71,0.2118
model-1601901109,1601901112.805,19,1.0,0.009,0.71,0.2126
model-1601901109,1601901112.822,19,1.0,0.0012,0.71,0.2132
model-1601901109,1601901112.838,19,1.0,0.0026,0.71,0.2146
model-1601901109,1601901112.855,19,1.0,0.0013,0.71,0.2157
model-1601901109,1601901112.877,19,1.0,0.0024,0.71,0.2168
model-1601901109,1601901112.896,19,1.0,0.0149,0.71,0.2179
model-1601901109,1601901112.917,19,1.0,0.0084,0.71,0.2186
model-1601901109,1601901112.941,19,1.0,0.0025,0.71,0.2195
model-1601901109,1601901112.962,19,0.93,0.0367,0.71,0.2177
model-1601901109,1601901112.997,20,0.93,0.0898,0.71,0.2153
model-1601901109,1601901113.021,20,1.0,0.0022,0.71,0.2128
model-1601901109,1601901113.045,20,1.0,0.0018,0.71,0.2108
model-1601901109,1601901113.071,20,1.0,0.0009,0.71,0.2093
model-1601901109,1601901113.089,20,1.0,0.0035,0.71,0.2088
model-1601901109,1601901113.106,20,1.0,0.0009,0.71,0.2084
model-1601901109,1601901113.122,20,1.0,0.0019,0.71,0.2094
model-1601901109,1601901113.139,20,1.0,0.0038,0.71,0.2099
model-1601901109,1601901113.155,20,1.0,0.0081,0.71,0.211
model-1601901109,1601901113.172,20,1.0,0.0054,0.71,0.2129
model-1601901109,1601901113.189,20,1.0,0.0004,0.71,0.215
model-1601901109,1601901113.21,21,0.93,0.0701,0.71,0.2173
model-1601901109,1601901113.227,21,1.0,0.0029,0.71,0.2191
model-1601901109,1601901113.244,21,1.0,0.0064,0.71,0.221
model-1601901109,1601901113.26,21,1.0,0.0008,0.71,0.2225
model-1601901109,1601901113.276,21,1.0,0.0018,0.71,0.2238
model-1601901109,1601901113.293,21,1.0,0.0007,0.71,0.2248
model-1601901109,1601901113.311,21,1.0,0.0001,0.71,0.2256
model-1601901109,1601901113.326,21,0.93,0.0196,0.71,0.2242
model-1601901109,1601901113.342,21,1.0,0.0115,0.71,0.2238
model-1601901109,1601901113.359,21,1.0,0.0011,0.71,0.2239
model-1601901109,1601901113.375,21,1.0,0.0003,0.71,0.2247
model-1601901109,1601901113.395,22,0.93,0.0704,0.71,0.2255
model-1601901109,1601901113.412,22,1.0,0.0015,0.71,0.2271
model-1601901109,1601901113.429,22,1.0,0.001,0.71,0.2292
model-1601901109,1601901113.446,22,1.0,0.0007,0.71,0.2316
model-1601901109,1601901113.462,22,1.0,0.0038,0.71,0.2333
model-1601901109,1601901113.482,22,1.0,0.0004,0.71,0.2344
model-1601901109,1601901113.5,22,1.0,0.0008,0.71,0.2354
model-1601901109,1601901113.517,22,1.0,0.0011,0.71,0.2361
model-1601901109,1601901113.534,22,1.0,0.0163,0.71,0.233
model-1601901109,1601901113.551,22,1.0,0.0045,0.71,0.231
model-1601901109,1601901113.568,22,1.0,0.0017,0.71,0.2293
model-1601901109,1601901113.591,23,0.93,0.0713,0.71,0.2284
model-1601901109,1601901113.607,23,1.0,0.0009,0.71,0.2277
model-1601901109,1601901113.624,23,1.0,0.0003,0.71,0.2272
model-1601901109,1601901113.642,23,1.0,0.0003,0.71,0.2267
model-1601901109,1601901113.659,23,1.0,0.0003,0.71,0.2262
model-1601901109,1601901113.676,23,1.0,0.0004,0.71,0.2258
model-1601901109,1601901113.693,23,1.0,0.0004,0.71,0.2255
model-1601901109,1601901113.71,23,1.0,0.001,0.71,0.2247
model-1601901109,1601901113.731,23,1.0,0.0001,0.71,0.224
model-1601901109,1601901113.752,23,1.0,0.0004,0.71,0.2234
model-1601901109,1601901113.771,23,1.0,0.0028,0.71,0.2231
model-1601901109,1601901113.794,24,0.93,0.0736,0.71,0.223
model-1601901109,1601901113.812,24,1.0,0.0077,0.71,0.2219
model-1601901109,1601901113.831,24,1.0,0.0002,0.71,0.2202
model-1601901109,1601901113.85,24,1.0,0.0005,0.71,0.2184
model-1601901109,1601901113.87,24,1.0,0.0003,0.71,0.2165
model-1601901109,1601901113.889,24,1.0,0.0003,0.71,0.2147
model-1601901109,1601901113.908,24,1.0,0.0002,0.71,0.2129
model-1601901109,1601901113.929,24,1.0,0.0002,0.71,0.2113
model-1601901109,1601901113.95,24,1.0,0.0001,0.71,0.2097
model-1601901109,1601901113.967,24,1.0,0.0007,0.71,0.2086
model-1601901109,1601901113.985,24,1.0,0.0003,0.71,0.2075
model-1601901109,1601901114.009,25,0.93,0.071,0.71,0.2065
model-1601901109,1601901114.029,25,1.0,0.0007,0.71,0.2059
model-1601901109,1601901114.046,25,1.0,0.0003,0.71,0.2053
model-1601901109,1601901114.063,25,1.0,0.0001,0.71,0.2049
model-1601901109,1601901114.079,25,1.0,0.0007,0.71,0.2048
model-1601901109,1601901114.096,25,1.0,0.0002,0.71,0.2047
model-1601901109,1601901114.114,25,1.0,0.0003,0.71,0.205
model-1601901109,1601901114.13,25,1.0,0.0002,0.71,0.2051
model-1601901109,1601901114.147,25,1.0,0.0001,0.71,0.2054
model-1601901109,1601901114.164,25,1.0,0.0009,0.71,0.2058
model-1601901109,1601901114.18,25,1.0,0.0003,0.71,0.2061
model-1601901109,1601901114.204,26,0.93,0.0704,0.71,0.2065
model-1601901109,1601901114.221,26,1.0,0.0006,0.71,0.2068
model-1601901109,1601901114.241,26,1.0,0.0003,0.71,0.2072
model-1601901109,1601901114.261,26,1.0,0.0001,0.71,0.2076
model-1601901109,1601901114.278,26,1.0,0.0005,0.71,0.2081
model-1601901109,1601901114.294,26,1.0,0.0002,0.71,0.2087
model-1601901109,1601901114.312,26,1.0,0.0002,0.71,0.2092
model-1601901109,1601901114.328,26,1.0,0.0002,0.71,0.2098
model-1601901109,1601901114.345,26,1.0,0.0001,0.71,0.2104
model-1601901109,1601901114.361,26,1.0,0.0005,0.71,0.211
model-1601901109,1601901114.378,26,1.0,0.0002,0.71,0.2116
model-1601901109,1601901114.398,27,0.93,0.0701,0.71,0.2119
model-1601901109,1601901114.415,27,1.0,0.0004,0.71,0.2123
model-1601901109,1601901114.432,27,1.0,0.0002,0.71,0.2127
model-1601901109,1601901114.448,27,1.0,0.0001,0.71,0.2131
model-1601901109,1601901114.465,27,1.0,0.0003,0.71,0.2135
model-1601901109,1601901114.482,27,1.0,0.0001,0.71,0.2139
model-1601901109,1601901114.503,27,1.0,0.0001,0.71,0.2143
model-1601901109,1601901114.523,27,1.0,0.0001,0.71,0.2146
model-1601901109,1601901114.54,27,1.0,0.0001,0.71,0.2148
model-1601901109,1601901114.556,27,1.0,0.0004,0.71,0.2152
model-1601901109,1601901114.574,27,1.0,0.0001,0.71,0.2155
model-1601901109,1601901114.599,28,0.93,0.0689,0.71,0.2152
model-1601901109,1601901114.62,28,1.0,0.0003,0.71,0.2151
model-1601901109,1601901114.637,28,1.0,0.0002,0.71,0.2149
model-1601901109,1601901114.653,28,1.0,0.0001,0.71,0.2147
model-1601901109,1601901114.671,28,1.0,0.0003,0.71,0.2146
model-1601901109,1601901114.688,28,1.0,0.0001,0.71,0.2146
model-1601901109,1601901114.706,28,1.0,0.0001,0.71,0.2145
model-1601901109,1601901114.726,28,1.0,0.0002,0.71,0.2145
model-1601901109,1601901114.746,28,1.0,0.0001,0.71,0.2144
model-1601901109,1601901114.762,28,1.0,0.0005,0.71,0.2145
model-1601901109,1601901114.779,28,1.0,0.0001,0.71,0.2145
model-1601901109,1601901114.803,29,0.93,0.0587,0.71,0.2118
model-1601901109,1601901114.823,29,1.0,0.0006,0.71,0.2095
model-1601901109,1601901114.842,29,1.0,0.0008,0.71,0.208
model-1601901109,1601901114.858,29,1.0,0.0004,0.71,0.2068
model-1601901109,1601901114.875,29,1.0,0.0033,0.71,0.2057
model-1601901109,1601901114.892,29,1.0,0.0001,0.71,0.2049
model-1601901109,1601901114.914,29,1.0,0.0002,0.71,0.2044
model-1601901109,1601901114.931,29,1.0,0.0066,0.71,0.2006
model-1601901109,1601901114.947,29,1.0,0.0009,0.71,0.1987
model-1601901109,1601901114.964,29,1.0,0.0024,0.71,0.1983
model-1601901109,1601901114.981,29,1.0,0.0001,0.71,0.1986
model-1601901290,1601901290.168,0,0.43,0.2529,0.64,0.2443
model-1601901290,1601901290.192,0,0.57,0.2438,0.64,0.2269
model-1601901290,1601901290.212,0,0.57,0.2442,0.64,0.219
model-1601901290,1601901290.229,0,0.43,0.2947,0.64,0.2373
model-1601901290,1601901290.245,0,0.5,0.2462,0.36,0.251
model-1601901290,1601901290.264,0,0.36,0.2515,0.36,0.2531
model-1601901290,1601901290.283,0,0.43,0.2505,0.36,0.2516
model-1601901290,1601901290.304,0,0.57,0.2475,0.36,0.2515
model-1601901290,1601901290.323,0,0.5,0.2481,0.43,0.2511
model-1601901290,1601901290.34,0,0.71,0.2449,0.36,0.252
model-1601901290,1601901290.356,0,0.64,0.2449,0.36,0.2567
model-1601901290,1601901290.381,1,0.43,0.2527,0.43,0.2536
model-1601901290,1601901290.401,1,0.43,0.2547,0.43,0.2522
model-1601901290,1601901290.418,1,0.43,0.2503,0.36,0.2536
model-1601901290,1601901290.434,1,0.57,0.2385,0.43,0.2476
model-1601901290,1601901290.451,1,0.5,0.243,0.57,0.2449
model-1601901290,1601901290.468,1,0.36,0.2535,0.57,0.244
model-1601901290,1601901290.489,1,0.71,0.2368,0.79,0.2399
model-1601901290,1601901290.513,1,0.71,0.2307,0.64,0.2345
model-1601901290,1601901290.538,1,0.64,0.2318,0.57,0.2382
model-1601901290,1601901290.561,1,0.64,0.2157,0.5,0.2687
model-1601901290,1601901290.58,1,0.64,0.2227,0.36,0.343
model-1601901290,1601901290.607,2,0.43,0.3385,0.43,0.281
model-1601901290,1601901290.63,2,0.43,0.3016,0.64,0.241
model-1601901290,1601901290.657,2,0.57,0.2323,0.71,0.2122
model-1601901290,1601901290.679,2,0.57,0.2154,0.64,0.2201
model-1601901290,1601901290.697,2,0.64,0.2201,0.71,0.2133
model-1601901290,1601901290.715,2,0.64,0.2278,0.64,0.2114
model-1601901290,1601901290.732,2,0.64,0.209,0.57,0.219
model-1601901290,1601901290.748,2,0.64,0.2304,0.71,0.2003
model-1601901290,1601901290.765,2,0.57,0.2203,0.79,0.2128
model-1601901290,1601901290.781,2,0.64,0.246,0.79,0.2175
model-1601901290,1601901290.799,2,0.64,0.2393,0.57,0.2437
model-1601901290,1601901290.823,3,0.5,0.2423,0.5,0.2443
model-1601901290,1601901290.84,3,0.43,0.2537,0.43,0.2597
model-1601901290,1601901290.856,3,0.5,0.2416,0.36,0.2612
model-1601901290,1601901290.873,3,0.57,0.2098,0.43,0.2501
model-1601901290,1601901290.889,3,0.5,0.2434,0.5,0.2565
model-1601901290,1601901290.906,3,0.36,0.2729,0.5,0.2451
model-1601901290,1601901290.923,3,0.43,0.2362,0.5,0.2404
model-1601901290,1601901290.94,3,0.64,0.2095,0.64,0.2358
model-1601901290,1601901290.957,3,0.64,0.2203,0.64,0.2322
model-1601901290,1601901290.973,3,0.64,0.2152,0.71,0.2285
model-1601901290,1601901290.989,3,0.79,0.223,0.71,0.2272
model-1601901290,1601901291.011,4,0.57,0.2298,0.79,0.2222
model-1601901290,1601901291.029,4,0.64,0.227,0.71,0.2175
model-1601901290,1601901291.055,4,0.79,0.1921,0.71,0.2157
model-1601901290,1601901291.084,4,0.79,0.1902,0.79,0.1994
model-1601901290,1601901291.113,4,0.64,0.2123,0.79,0.1927
model-1601901290,1601901291.137,4,0.79,0.1856,0.79,0.1857
model-1601901290,1601901291.157,4,0.79,0.1506,0.79,0.1802
model-1601901290,1601901291.178,4,0.79,0.1512,0.71,0.1807
model-1601901290,1601901291.198,4,0.71,0.1633,0.79,0.199
model-1601901290,1601901291.219,4,0.71,0.1863,0.71,0.2197
model-1601901290,1601901291.239,4,0.86,0.1677,0.71,0.2312
model-1601901290,1601901291.259,5,0.57,0.3459,0.71,0.2067
model-1601901290,1601901291.276,5,0.57,0.3133,0.79,0.1968
model-1601901290,1601901291.293,5,0.79,0.1286,0.64,0.2571
model-1601901290,1601901291.309,5,0.71,0.2388,0.71,0.2097
model-1601901290,1601901291.327,5,0.64,0.2561,0.64,0.2327
model-1601901290,1601901291.344,5,0.71,0.1453,0.79,0.1827
model-1601901290,1601901291.361,5,0.79,0.1279,0.79,0.1893
model-1601901290,1601901291.378,5,0.86,0.136,0.79,0.1866
model-1601901290,1601901291.394,5,0.71,0.1308,0.64,0.1851
model-1601901290,1601901291.411,5,0.86,0.1668,0.71,0.1988
model-1601901290,1601901291.427,5,0.86,0.1709,0.64,0.2122
model-1601901290,1601901291.447,6,0.57,0.2983,0.64,0.2116
model-1601901290,1601901291.465,6,0.64,0.2583,0.71,0.1954
model-1601901290,1601901291.482,6,0.71,0.1441,0.79,0.1844
model-1601901290,1601901291.498,6,0.86,0.1152,0.79,0.1748
model-1601901290,1601901291.518,6,0.64,0.2026,0.64,0.1945
model-1601901290,1601901291.538,6,0.86,0.1162,0.71,0.1851
model-1601901290,1601901291.56,6,0.79,0.1408,0.71,0.2122
model-1601901290,1601901291.58,6,0.71,0.1866,0.64,0.2025
model-1601901290,1601901291.6,6,0.86,0.1431,0.71,0.1737
model-1601901290,1601901291.624,6,0.71,0.2306,0.79,0.1637
model-1601901290,1601901291.65,6,0.43,0.2506,0.71,0.175
model-1601901290,1601901291.68,7,0.5,0.2623,0.71,0.1816
model-1601901290,1601901291.706,7,0.64,0.2219,0.71,0.1935
model-1601901290,1601901291.726,7,0.64,0.1895,0.71,0.1978
model-1601901290,1601901291.742,7,0.86,0.1218,0.71,0.1961
model-1601901290,1601901291.759,7,0.71,0.2281,0.71,0.1876
model-1601901290,1601901291.778,7,0.71,0.1923,0.79,0.1832
model-1601901290,1601901291.794,7,0.71,0.1676,0.71,0.1733
model-1601901290,1601901291.811,7,0.79,0.1324,0.79,0.1747
model-1601901290,1601901291.829,7,0.79,0.1269,0.79,0.1749
model-1601901290,1601901291.846,7,0.71,0.1943,0.79,0.1766
model-1601901290,1601901291.863,7,0.64,0.2435,0.79,0.178
model-1601901290,1601901291.884,8,0.64,0.2024,0.79,0.1944
model-1601901290,1601901291.901,8,0.71,0.1809,0.79,0.1802
model-1601901290,1601901291.917,8,0.93,0.0972,0.79,0.1818
model-1601901290,1601901291.934,8,0.86,0.1261,0.79,0.182
model-1601901290,1601901291.951,8,0.64,0.185,0.79,0.1961
model-1601901290,1601901291.967,8,0.86,0.1008,0.79,0.185
model-1601901290,1601901291.985,8,0.79,0.1161,0.79,0.1867
model-1601901290,1601901292.001,8,0.86,0.1205,0.79,0.1989
model-1601901290,1601901292.018,8,0.86,0.0993,0.79,0.1896
model-1601901290,1601901292.035,8,0.79,0.1555,0.79,0.1927
model-1601901290,1601901292.051,8,0.71,0.1458,0.71,0.2008
model-1601901290,1601901292.072,9,0.57,0.2663,0.71,0.2103
model-1601901290,1601901292.09,9,0.71,0.1957,0.71,0.2057
model-1601901290,1601901292.106,9,0.86,0.0828,0.79,0.2034
model-1601901290,1601901292.122,9,0.86,0.0671,0.79,0.2127
model-1601901290,1601901292.139,9,0.71,0.159,0.79,0.2014
model-1601901290,1601901292.162,9,0.93,0.047,0.79,0.2124
model-1601901290,1601901292.185,9,0.79,0.0753,0.79,0.1992
model-1601901290,1601901292.208,9,0.86,0.0944,0.71,0.1994
model-1601901290,1601901292.235,9,0.86,0.1074,0.79,0.2024
model-1601901290,1601901292.262,9,0.79,0.1564,0.71,0.2111
model-1601901290,1601901292.288,9,0.86,0.1095,0.64,0.2305
model-1601901290,1601901292.322,10,0.64,0.2505,0.64,0.2267
model-1601901290,1601901292.35,10,0.71,0.1986,0.64,0.2254
model-1601901290,1601901292.374,10,0.93,0.0707,0.64,0.2201
model-1601901290,1601901292.391,10,0.93,0.049,0.71,0.2104
model-1601901290,1601901292.408,10,0.93,0.1212,0.71,0.2033
model-1601901290,1601901292.427,10,1.0,0.0201,0.79,0.1987
model-1601901290,1601901292.444,10,0.93,0.0318,0.79,0.1966
model-1601901290,1601901292.462,10,0.93,0.0746,0.79,0.1948
model-1601901290,1601901292.479,10,0.93,0.0935,0.79,0.1962
model-1601901290,1601901292.495,10,0.86,0.1102,0.79,0.203
model-1601901290,1601901292.512,10,1.0,0.0709,0.71,0.2217
model-1601901290,1601901292.535,11,0.64,0.218,0.71,0.2238
model-1601901290,1601901292.553,11,0.71,0.1724,0.64,0.2282
model-1601901290,1601901292.569,11,1.0,0.043,0.64,0.2306
model-1601901290,1601901292.586,11,0.93,0.0413,0.64,0.2213
model-1601901290,1601901292.602,11,0.86,0.107,0.64,0.2211
model-1601901290,1601901292.619,11,1.0,0.0159,0.71,0.2205
model-1601901290,1601901292.637,11,1.0,0.0324,0.71,0.2265
model-1601901290,1601901292.656,11,0.93,0.0667,0.71,0.2183
model-1601901290,1601901292.676,11,0.86,0.1039,0.71,0.2131
model-1601901290,1601901292.694,11,0.93,0.0947,0.79,0.2153
model-1601901290,1601901292.711,11,0.93,0.079,0.71,0.2203
model-1601901290,1601901292.735,12,0.71,0.1866,0.71,0.2141
model-1601901290,1601901292.758,12,0.79,0.1395,0.71,0.2229
model-1601901290,1601901292.779,12,0.93,0.034,0.71,0.2359
model-1601901290,1601901292.799,12,1.0,0.0117,0.64,0.2426
model-1601901290,1601901292.822,12,0.86,0.0951,0.64,0.2405
model-1601901290,1601901292.844,12,1.0,0.0095,0.64,0.2308
model-1601901290,1601901292.863,12,1.0,0.0172,0.71,0.2155
model-1601901290,1601901292.883,12,0.93,0.0686,0.79,0.2016
model-1601901290,1601901292.903,12,0.93,0.073,0.71,0.2185
model-1601901290,1601901292.92,12,1.0,0.0423,0.71,0.221
model-1601901290,1601901292.937,12,1.0,0.0292,0.79,0.2008
model-1601901290,1601901292.964,13,0.86,0.1025,0.79,0.2177
model-1601901290,1601901292.988,13,1.0,0.0642,0.79,0.201
model-1601901290,1601901293.015,13,0.93,0.0468,0.79,0.2101
model-1601901290,1601901293.039,13,1.0,0.0173,0.64,0.2339
model-1601901290,1601901293.061,13,1.0,0.0297,0.64,0.2564
model-1601901290,1601901293.087,13,1.0,0.0016,0.64,0.2684
model-1601901290,1601901293.108,13,0.93,0.0216,0.64,0.2714
model-1601901290,1601901293.129,13,0.86,0.1167,0.64,0.2654
model-1601901290,1601901293.153,13,0.93,0.051,0.64,0.2518
model-1601901290,1601901293.171,13,1.0,0.0219,0.71,0.2362
model-1601901290,1601901293.189,13,0.93,0.0294,0.64,0.2289
model-1601901290,1601901293.212,14,0.86,0.1097,0.64,0.2217
model-1601901290,1601901293.235,14,0.93,0.0308,0.71,0.2291
model-1601901290,1601901293.254,14,1.0,0.0325,0.64,0.2129
model-1601901290,1601901293.271,14,1.0,0.0211,0.64,0.2055
model-1601901290,1601901293.287,14,1.0,0.0218,0.71,0.2043
model-1601901290,1601901293.304,14,1.0,0.0021,0.71,0.2069
model-1601901290,1601901293.322,14,1.0,0.0052,0.71,0.2068
model-1601901290,1601901293.339,14,0.86,0.0671,0.71,0.2024
model-1601901290,1601901293.355,14,1.0,0.0095,0.71,0.1993
model-1601901290,1601901293.372,14,1.0,0.0101,0.71,0.1956
model-1601901290,1601901293.389,14,0.93,0.0387,0.71,0.1909
model-1601901290,1601901293.409,15,0.86,0.1155,0.79,0.1867
model-1601901290,1601901293.426,15,0.93,0.0449,0.71,0.1911
model-1601901290,1601901293.443,15,1.0,0.0054,0.71,0.2203
model-1601901290,1601901293.46,15,1.0,0.0196,0.71,0.2204
model-1601901290,1601901293.479,15,0.79,0.0784,0.71,0.2051
model-1601901290,1601901293.499,15,1.0,0.002,0.71,0.194
model-1601901290,1601901293.52,15,0.93,0.0338,0.71,0.1846
model-1601901290,1601901293.546,15,1.0,0.0181,0.71,0.1891
model-1601901290,1601901293.569,15,0.93,0.0206,0.71,0.1981
model-1601901290,1601901293.596,15,1.0,0.006,0.71,0.2098
model-1601901290,1601901293.619,15,0.93,0.0278,0.71,0.2203
model-1601901290,1601901293.652,16,0.79,0.1518,0.71,0.2161
model-1601901290,1601901293.678,16,0.93,0.0723,0.71,0.2026
model-1601901290,1601901293.695,16,1.0,0.0017,0.71,0.1949
model-1601901290,1601901293.712,16,1.0,0.0016,0.79,0.1982
model-1601901290,1601901293.729,16,1.0,0.0077,0.71,0.2026
model-1601901290,1601901293.747,16,1.0,0.0123,0.71,0.2141
model-1601901290,1601901293.764,16,1.0,0.0011,0.71,0.2247
model-1601901290,1601901293.781,16,0.93,0.0534,0.71,0.2254
model-1601901290,1601901293.797,16,0.93,0.0689,0.71,0.2189
model-1601901290,1601901293.814,16,1.0,0.0271,0.79,0.2029
model-1601901290,1601901293.831,16,1.0,0.0066,0.79,0.1857
model-1601901290,1601901293.852,17,0.93,0.0713,0.79,0.1763
model-1601901290,1601901293.869,17,1.0,0.0153,0.79,0.1723
model-1601901290,1601901293.886,17,1.0,0.0022,0.79,0.1701
model-1601901290,1601901293.902,17,1.0,0.0091,0.79,0.1718
model-1601901290,1601901293.919,17,1.0,0.0172,0.79,0.1773
model-1601901290,1601901293.935,17,1.0,0.0006,0.79,0.1822
model-1601901290,1601901293.953,17,1.0,0.0035,0.79,0.187
model-1601901290,1601901293.977,17,1.0,0.0052,0.79,0.1899
model-1601901290,1601901293.998,17,0.93,0.022,0.79,0.19
model-1601901290,1601901294.018,17,1.0,0.0009,0.79,0.1897
model-1601901290,1601901294.042,17,1.0,0.0027,0.79,0.1906
model-1601901290,1601901294.07,18,0.93,0.0731,0.79,0.1923
model-1601901290,1601901294.096,18,1.0,0.0027,0.79,0.1926
model-1601901290,1601901294.121,18,1.0,0.013,0.79,0.195
model-1601901290,1601901294.142,18,1.0,0.0006,0.79,0.2008
model-1601901290,1601901294.163,18,1.0,0.0003,0.71,0.208
model-1601901290,1601901294.184,18,1.0,0.0002,0.71,0.2158
model-1601901290,1601901294.201,18,1.0,0.0003,0.71,0.2226
model-1601901290,1601901294.217,18,1.0,0.0024,0.71,0.2255
model-1601901290,1601901294.234,18,1.0,0.004,0.71,0.2262
model-1601901290,1601901294.251,18,1.0,0.0008,0.71,0.2265
model-1601901290,1601901294.267,18,1.0,0.0012,0.71,0.2264
model-1601901290,1601901294.288,19,0.93,0.0756,0.71,0.2216
model-1601901290,1601901294.305,19,1.0,0.0067,0.71,0.2152
model-1601901290,1601901294.322,19,1.0,0.0016,0.71,0.2094
model-1601901290,1601901294.339,19,1.0,0.0007,0.71,0.2033
model-1601901290,1601901294.356,19,1.0,0.0003,0.79,0.1988
model-1601901290,1601901294.372,19,1.0,0.0,0.79,0.1945
model-1601901290,1601901294.39,19,1.0,0.0001,0.79,0.19
model-1601901290,1601901294.406,19,1.0,0.0007,0.79,0.1869
model-1601901290,1601901294.423,19,1.0,0.0001,0.79,0.1845
model-1601901290,1601901294.444,19,1.0,0.0011,0.79,0.183
model-1601901290,1601901294.466,19,1.0,0.0017,0.79,0.1833
model-1601901290,1601901294.496,20,0.93,0.066,0.79,0.1785
model-1601901290,1601901294.519,20,1.0,0.0083,0.79,0.1778
model-1601901290,1601901294.539,20,1.0,0.0025,0.79,0.1782
model-1601901290,1601901294.56,20,1.0,0.0002,0.79,0.1798
model-1601901290,1601901294.581,20,1.0,0.0005,0.79,0.1799
model-1601901290,1601901294.603,20,1.0,0.0,0.79,0.1809
model-1601901290,1601901294.62,20,1.0,0.0001,0.79,0.1819
model-1601901290,1601901294.637,20,1.0,0.0004,0.79,0.183
model-1601901290,1601901294.653,20,1.0,0.0001,0.79,0.1846
model-1601901290,1601901294.67,20,1.0,0.0006,0.79,0.1852
model-1601901290,1601901294.687,20,1.0,0.0004,0.79,0.1863
model-1601901290,1601901294.712,21,0.93,0.0379,0.79,0.1757
model-1601901290,1601901294.732,21,1.0,0.0035,0.79,0.167
model-1601901290,1601901294.747,21,1.0,0.0013,0.79,0.1606
model-1601901290,1601901294.764,21,1.0,0.0025,0.86,0.1565
model-1601901290,1601901294.781,21,1.0,0.0075,0.86,0.154
model-1601901290,1601901294.797,21,1.0,0.0001,0.86,0.152
model-1601901290,1601901294.815,21,1.0,0.0002,0.86,0.1503
model-1601901290,1601901294.832,21,1.0,0.0017,0.86,0.1489
model-1601901290,1601901294.849,21,1.0,0.0011,0.86,0.1487
model-1601901290,1601901294.866,21,1.0,0.0049,0.86,0.1488
model-1601901290,1601901294.883,21,1.0,0.002,0.79,0.1495
model-1601901290,1601901294.903,22,1.0,0.0003,0.79,0.1516
model-1601901290,1601901294.92,22,1.0,0.0035,0.79,0.1538
model-1601901290,1601901294.937,22,1.0,0.0005,0.79,0.1561
model-1601901290,1601901294.953,22,1.0,0.0022,0.79,0.1578
model-1601901290,1601901294.97,22,1.0,0.0004,0.79,0.1592
model-1601901290,1601901294.987,22,1.0,0.0017,0.79,0.1601
model-1601901290,1601901295.004,22,1.0,0.0008,0.79,0.1608
model-1601901290,1601901295.021,22,1.0,0.0011,0.79,0.1614
model-1601901290,1601901295.038,22,1.0,0.0018,0.79,0.1612
model-1601901290,1601901295.055,22,1.0,0.0005,0.79,0.1612
model-1601901290,1601901295.073,22,1.0,0.0011,0.79,0.161
model-1601901290,1601901295.097,23,1.0,0.0007,0.79,0.1609
model-1601901290,1601901295.122,23,1.0,0.001,0.79,0.1604
model-1601901290,1601901295.145,23,1.0,0.0003,0.79,0.16
model-1601901290,1601901295.165,23,1.0,0.0001,0.79,0.1597
model-1601901290,1601901295.186,23,1.0,0.0001,0.79,0.1595
model-1601901290,1601901295.213,23,1.0,0.0,0.79,0.1592
model-1601901290,1601901295.237,23,1.0,0.0,0.79,0.1592
model-1601901290,1601901295.259,23,1.0,0.0002,0.79,0.1589
model-1601901290,1601901295.279,23,1.0,0.0002,0.79,0.1589
model-1601901290,1601901295.296,23,1.0,0.0002,0.79,0.1587
model-1601901290,1601901295.314,23,1.0,0.0002,0.79,0.1587
model-1601901290,1601901295.335,24,1.0,0.0001,0.79,0.1587
model-1601901290,1601901295.352,24,1.0,0.0008,0.79,0.1588
model-1601901290,1601901295.369,24,1.0,0.0004,0.79,0.1585
model-1601901290,1601901295.386,24,1.0,0.0001,0.79,0.1584
model-1601901290,1601901295.403,24,1.0,0.0001,0.79,0.1585
model-1601901290,1601901295.419,24,1.0,0.0,0.79,0.1584
model-1601901290,1601901295.438,24,1.0,0.0,0.79,0.1584
model-1601901290,1601901295.455,24,1.0,0.0001,0.79,0.1584
model-1601901290,1601901295.471,24,1.0,0.0001,0.79,0.1585
model-1601901290,1601901295.487,24,1.0,0.0001,0.79,0.1586
model-1601901290,1601901295.504,24,1.0,0.0002,0.79,0.1588
model-1601901290,1601901295.524,25,1.0,0.0001,0.79,0.1589
model-1601901290,1601901295.541,25,1.0,0.0003,0.79,0.159
model-1601901290,1601901295.558,25,1.0,0.0002,0.79,0.1591
model-1601901290,1601901295.574,25,1.0,0.0,0.79,0.1593
model-1601901290,1601901295.591,25,1.0,0.0,0.79,0.1594
model-1601901290,1601901295.608,25,1.0,0.0,0.79,0.1596
model-1601901290,1601901295.626,25,1.0,0.0,0.79,0.1597
model-1601901290,1601901295.645,25,1.0,0.0001,0.79,0.16
model-1601901290,1601901295.665,25,1.0,0.0,0.79,0.16
model-1601901290,1601901295.683,25,1.0,0.0001,0.79,0.1602
model-1601901290,1601901295.699,25,1.0,0.0001,0.79,0.1603
model-1601901290,1601901295.723,26,1.0,0.0001,0.79,0.1605
model-1601901290,1601901295.743,26,1.0,0.0002,0.79,0.1606
model-1601901290,1601901295.759,26,1.0,0.0001,0.79,0.1607
model-1601901290,1601901295.776,26,1.0,0.0,0.79,0.1608
model-1601901290,1601901295.792,26,1.0,0.0,0.79,0.1609
model-1601901290,1601901295.809,26,1.0,0.0,0.79,0.161
model-1601901290,1601901295.827,26,1.0,0.0,0.79,0.1611
model-1601901290,1601901295.843,26,1.0,0.0001,0.79,0.1612
model-1601901290,1601901295.86,26,1.0,0.0,0.79,0.1613
model-1601901290,1601901295.876,26,1.0,0.0001,0.79,0.1614
model-1601901290,1601901295.893,26,1.0,0.0001,0.79,0.1615
model-1601901290,1601901295.917,27,1.0,0.0001,0.79,0.1615
model-1601901290,1601901295.938,27,1.0,0.0002,0.79,0.1616
model-1601901290,1601901295.956,27,1.0,0.0001,0.79,0.1617
model-1601901290,1601901295.973,27,1.0,0.0,0.79,0.1618
model-1601901290,1601901295.99,27,1.0,0.0,0.79,0.1618
model-1601901290,1601901296.007,27,1.0,0.0,0.79,0.1619
model-1601901290,1601901296.025,27,1.0,0.0,0.79,0.162
model-1601901290,1601901296.042,27,1.0,0.0001,0.79,0.162
model-1601901290,1601901296.059,27,1.0,0.0,0.79,0.1621
model-1601901290,1601901296.076,27,1.0,0.0001,0.79,0.1622
model-1601901290,1601901296.093,27,1.0,0.0001,0.79,0.1622
model-1601901290,1601901296.114,28,1.0,0.0001,0.79,0.1623
model-1601901290,1601901296.131,28,1.0,0.0002,0.79,0.1623
model-1601901290,1601901296.148,28,1.0,0.0001,0.79,0.1624
model-1601901290,1601901296.167,28,1.0,0.0,0.79,0.1624
model-1601901290,1601901296.183,28,1.0,0.0,0.79,0.1625
model-1601901290,1601901296.201,28,1.0,0.0,0.79,0.1626
model-1601901290,1601901296.218,28,1.0,0.0,0.79,0.1626
model-1601901290,1601901296.235,28,1.0,0.0001,0.79,0.1627
model-1601901290,1601901296.252,28,1.0,0.0,0.79,0.1627
model-1601901290,1601901296.269,28,1.0,0.0001,0.79,0.1627
model-1601901290,1601901296.286,28,1.0,0.0001,0.79,0.1628
model-1601901290,1601901296.307,29,1.0,0.0001,0.79,0.1628
model-1601901290,1601901296.325,29,1.0,0.0002,0.79,0.1629
model-1601901290,1601901296.341,29,1.0,0.0001,0.79,0.1629
model-1601901290,1601901296.358,29,1.0,0.0,0.79,0.1629
model-1601901290,1601901296.374,29,1.0,0.0,0.79,0.163
model-1601901290,1601901296.391,29,1.0,0.0,0.79,0.1631
model-1601901290,1601901296.409,29,1.0,0.0,0.79,0.1631
model-1601901290,1601901296.426,29,1.0,0.0001,0.79,0.1632
model-1601901290,1601901296.443,29,1.0,0.0,0.79,0.1632
model-1601901290,1601901296.46,29,1.0,0.0001,0.79,0.1633
model-1601901290,1601901296.477,29,1.0,0.0001,0.79,0.1633
model-1601901485,1601901485.053,0,0.7,0.2485,0.64,0.2326
model-1601901485,1601901485.073,0,0.5,0.2529,0.64,0.2359
model-1601901485,1601901485.092,0,0.5,0.2456,0.64,0.2318
model-1601901485,1601901485.113,0,0.5,0.2536,0.64,0.2375
model-1601901485,1601901485.134,0,0.6,0.2376,0.64,0.2309
model-1601901485,1601901485.156,0,0.4,0.2638,0.57,0.2415
model-1601901485,1601901485.171,0,0.5,0.2461,0.64,0.2457
model-1601901485,1601901485.187,0,0.6,0.2485,0.64,0.2383
model-1601901485,1601901485.203,0,0.6,0.2412,0.64,0.2298
model-1601901485,1601901485.219,0,0.6,0.2383,0.57,0.2284
model-1601901485,1601901485.235,0,0.4,0.2406,0.64,0.2215
model-1601901485,1601901485.251,0,0.4,0.2732,0.64,0.2387
model-1601901485,1601901485.266,0,0.8,0.2277,0.5,0.2463
model-1601901485,1601901485.281,0,0.5,0.2497,0.36,0.2577
model-1601901485,1601901485.296,0,0.7,0.2353,0.43,0.2653
model-1601901485,1601901485.309,0,0.5,0.2479,0.43,0.2756
model-1601901485,1601901485.327,1,0.3,0.3034,0.43,0.2689
model-1601901485,1601901485.343,1,0.5,0.2596,0.43,0.2619
model-1601901485,1601901485.358,1,0.5,0.2572,0.36,0.2619
model-1601901485,1601901485.373,1,0.5,0.2474,0.36,0.2569
model-1601901485,1601901485.388,1,0.4,0.2493,0.36,0.2526
model-1601901485,1601901485.403,1,0.6,0.243,0.5,0.2491
model-1601901485,1601901485.417,1,0.5,0.2475,0.64,0.2476
model-1601901485,1601901485.433,1,0.4,0.25,0.86,0.2454
model-1601901485,1601901485.452,1,0.9,0.2435,0.64,0.2412
model-1601901485,1601901485.47,1,0.8,0.2411,0.64,0.2376
model-1601901485,1601901485.485,1,0.4,0.2436,0.64,0.2372
model-1601901485,1601901485.5,1,0.4,0.2526,0.71,0.2329
model-1601901485,1601901485.515,1,0.7,0.2319,0.79,0.2346
model-1601901485,1601901485.53,1,0.7,0.2505,0.79,0.2343
model-1601901485,1601901485.55,1,0.5,0.2593,0.5,0.2431
model-1601901485,1601901485.564,1,0.75,0.2252,0.64,0.2421
model-1601901485,1601901485.583,2,0.5,0.2575,0.57,0.2377
model-1601901485,1601901485.599,2,0.5,0.243,0.57,0.2342
model-1601901485,1601901485.614,2,0.7,0.2272,0.79,0.2249
model-1601901485,1601901485.629,2,0.5,0.2271,0.79,0.2068
model-1601901485,1601901485.644,2,0.8,0.1777,0.79,0.2081
model-1601901485,1601901485.659,2,0.5,0.2487,0.86,0.2074
model-1601901485,1601901485.674,2,0.6,0.2073,0.79,0.2106
model-1601901485,1601901485.69,2,0.7,0.2119,0.79,0.2013
model-1601901485,1601901485.706,2,0.8,0.1737,0.86,0.1965
model-1601901485,1601901485.721,2,0.8,0.1578,0.79,0.1956
model-1601901485,1601901485.736,2,0.9,0.1173,0.79,0.1967
model-1601901485,1601901485.751,2,0.6,0.2316,0.79,0.2039
model-1601901485,1601901485.766,2,1.0,0.0644,0.57,0.2375
model-1601901485,1601901485.78,2,0.5,0.3297,0.5,0.289
model-1601901485,1601901485.8,2,0.7,0.2201,0.57,0.2796
model-1601901485,1601901485.814,2,0.75,0.1048,0.79,0.203
model-1601901485,1601901485.837,3,0.5,0.2951,0.71,0.2036
model-1601901485,1601901485.855,3,0.8,0.1814,0.64,0.3137
model-1601901485,1601901485.87,3,0.5,0.2782,0.57,0.3878
model-1601901485,1601901485.885,3,0.5,0.3923,0.57,0.3624
model-1601901485,1601901485.9,3,0.6,0.3232,0.57,0.3085
model-1601901485,1601901485.915,3,0.4,0.5282,0.71,0.2027
model-1601901485,1601901485.93,3,0.8,0.2016,0.71,0.1792
model-1601901485,1601901485.947,3,0.8,0.1417,0.79,0.1925
model-1601901485,1601901485.962,3,0.8,0.1327,0.71,0.195
model-1601901485,1601901485.977,3,0.9,0.1303,0.64,0.2219
model-1601901485,1601901485.992,3,0.7,0.1713,0.64,0.2131
model-1601901485,1601901486.008,3,0.8,0.1975,0.71,0.2074
model-1601901485,1601901486.023,3,1.0,0.0913,0.71,0.2027
model-1601901485,1601901486.038,3,0.8,0.2266,0.86,0.1868
model-1601901485,1601901486.054,3,0.5,0.2589,0.79,0.1998
model-1601901485,1601901486.068,3,1.0,0.0823,0.71,0.2012
model-1601901485,1601901486.09,4,0.5,0.2733,0.79,0.1994
model-1601901485,1601901486.108,4,0.6,0.2589,0.71,0.1955
model-1601901485,1601901486.123,4,0.7,0.1733,0.71,0.2012
model-1601901485,1601901486.138,4,0.8,0.1396,0.71,0.1913
model-1601901485,1601901486.153,4,0.9,0.1147,0.71,0.2014
model-1601901485,1601901486.168,4,0.6,0.2503,0.71,0.2118
model-1601901485,1601901486.182,4,0.7,0.1848,0.71,0.2089
model-1601901485,1601901486.2,4,0.8,0.1245,0.71,0.1894
model-1601901485,1601901486.216,4,0.8,0.1573,0.71,0.1923
model-1601901485,1601901486.231,4,0.7,0.1278,0.71,0.196
model-1601901485,1601901486.246,4,0.8,0.1223,0.71,0.1853
model-1601901485,1601901486.261,4,0.8,0.1661,0.79,0.1866
model-1601901485,1601901486.276,4,1.0,0.0719,0.71,0.1859
model-1601901485,1601901486.292,4,0.8,0.2228,0.71,0.2067
model-1601901485,1601901486.308,4,0.8,0.2231,0.64,0.2418
model-1601901485,1601901486.322,4,1.0,0.0406,0.71,0.2672
model-1601901485,1601901486.344,5,0.5,0.4134,0.71,0.2471
model-1601901485,1601901486.36,5,0.6,0.3483,0.64,0.2321
model-1601901485,1601901486.375,5,0.6,0.2959,0.71,0.2071
model-1601901485,1601901486.39,5,0.7,0.1956,0.79,0.1755
model-1601901485,1601901486.406,5,0.9,0.0733,0.71,0.1791
model-1601901485,1601901486.421,5,0.7,0.192,0.71,0.1786
model-1601901485,1601901486.44,5,0.7,0.171,0.71,0.1807
model-1601901485,1601901486.457,5,0.8,0.1038,0.71,0.1815
model-1601901485,1601901486.472,5,0.8,0.1456,0.71,0.1833
model-1601901485,1601901486.487,5,1.0,0.0683,0.71,0.1828
model-1601901485,1601901486.502,5,0.9,0.1028,0.71,0.1771
model-1601901485,1601901486.517,5,0.9,0.1428,0.71,0.1869
model-1601901485,1601901486.533,5,0.8,0.0838,0.79,0.1817
model-1601901485,1601901486.549,5,0.7,0.1826,0.79,0.187
model-1601901485,1601901486.565,5,0.6,0.2269,0.57,0.1937
model-1601901485,1601901486.579,5,1.0,0.0322,0.71,0.1933
model-1601901485,1601901486.598,6,0.5,0.3507,0.71,0.2158
model-1601901485,1601901486.613,6,0.6,0.3054,0.71,0.1962
model-1601901485,1601901486.629,6,0.5,0.2681,0.64,0.1965
model-1601901485,1601901486.644,6,0.7,0.1886,0.64,0.1745
model-1601901485,1601901486.659,6,1.0,0.0557,0.71,0.1861
model-1601901485,1601901486.674,6,0.8,0.1321,0.71,0.1748
model-1601901485,1601901486.689,6,0.7,0.179,0.71,0.1837
model-1601901485,1601901486.711,6,0.9,0.0895,0.71,0.1998
model-1601901485,1601901486.728,6,0.8,0.1244,0.71,0.2068
model-1601901485,1601901486.744,6,1.0,0.0607,0.71,0.2122
model-1601901485,1601901486.759,6,0.8,0.1449,0.71,0.1985
model-1601901485,1601901486.774,6,0.7,0.1538,0.71,0.2054
model-1601901485,1601901486.789,6,0.8,0.1338,0.71,0.1889
model-1601901485,1601901486.804,6,0.7,0.1805,0.71,0.1924
model-1601901485,1601901486.82,6,0.5,0.2856,0.79,0.1853
model-1601901485,1601901486.833,6,1.0,0.0326,0.64,0.1899
model-1601901485,1601901486.852,7,0.5,0.2821,0.64,0.1957
model-1601901485,1601901486.868,7,0.6,0.2855,0.64,0.2017
model-1601901485,1601901486.883,7,0.6,0.221,0.64,0.2024
model-1601901485,1601901486.898,7,0.7,0.172,0.64,0.1989
model-1601901485,1601901486.913,7,1.0,0.0571,0.57,0.1957
model-1601901485,1601901486.928,7,0.9,0.0991,0.71,0.1809
model-1601901485,1601901486.942,7,0.7,0.1877,0.71,0.1935
model-1601901485,1601901486.96,7,0.9,0.0753,0.71,0.1873
model-1601901485,1601901486.975,7,1.0,0.0797,0.71,0.1995
model-1601901485,1601901486.99,7,1.0,0.0338,0.71,0.2089
model-1601901485,1601901487.005,7,0.8,0.1278,0.71,0.2197
model-1601901485,1601901487.02,7,0.7,0.1473,0.71,0.2114
model-1601901485,1601901487.035,7,1.0,0.0738,0.71,0.2071
model-1601901485,1601901487.05,7,0.7,0.1328,0.64,0.1995
model-1601901485,1601901487.066,7,0.8,0.1598,0.64,0.2064
model-1601901485,1601901487.08,7,1.0,0.0091,0.57,0.2018
model-1601901485,1601901487.099,8,0.5,0.3137,0.57,0.2108
model-1601901485,1601901487.115,8,0.5,0.3014,0.57,0.1946
model-1601901485,1601901487.13,8,0.6,0.2182,0.57,0.1987
model-1601901485,1601901487.145,8,0.9,0.117,0.64,0.1984
model-1601901485,1601901487.16,8,1.0,0.0277,0.64,0.1982
model-1601901485,1601901487.175,8,0.9,0.0674,0.64,0.1892
model-1601901485,1601901487.19,8,0.9,0.1356,0.71,0.1948
model-1601901485,1601901487.211,8,1.0,0.0293,0.71,0.2016
model-1601901485,1601901487.229,8,1.0,0.0615,0.71,0.1983
model-1601901485,1601901487.244,8,1.0,0.0164,0.71,0.2008
model-1601901485,1601901487.259,8,1.0,0.0629,0.71,0.2017
model-1601901485,1601901487.274,8,0.9,0.0902,0.71,0.2017
model-1601901485,1601901487.289,8,1.0,0.0612,0.71,0.2021
model-1601901485,1601901487.303,8,0.9,0.0998,0.71,0.2002
model-1601901485,1601901487.319,8,0.6,0.1919,0.71,0.2012
model-1601901485,1601901487.333,8,1.0,0.0101,0.71,0.2058
model-1601901485,1601901487.351,9,0.6,0.2172,0.71,0.2097
model-1601901485,1601901487.368,9,0.6,0.3051,0.64,0.211
model-1601901485,1601901487.383,9,0.8,0.1274,0.64,0.2061
model-1601901485,1601901487.398,9,0.9,0.0655,0.64,0.2087
model-1601901485,1601901487.413,9,1.0,0.0096,0.57,0.2083
model-1601901485,1601901487.428,9,1.0,0.0263,0.57,0.209
model-1601901485,1601901487.443,9,0.9,0.0904,0.57,0.2132
model-1601901485,1601901487.461,9,1.0,0.005,0.57,0.2165
model-1601901485,1601901487.476,9,1.0,0.0307,0.64,0.2274
model-1601901485,1601901487.491,9,1.0,0.0161,0.64,0.2299
model-1601901485,1601901487.506,9,0.9,0.0528,0.64,0.2324
model-1601901485,1601901487.521,9,0.9,0.072,0.71,0.2354
model-1601901485,1601901487.536,9,1.0,0.0292,0.71,0.2375
model-1601901485,1601901487.551,9,0.9,0.0477,0.71,0.2404
model-1601901485,1601901487.567,9,1.0,0.0614,0.57,0.2389
model-1601901485,1601901487.581,9,1.0,0.0027,0.57,0.2362
model-1601901485,1601901487.6,10,0.8,0.1107,0.57,0.2353
model-1601901485,1601901487.615,10,0.7,0.2488,0.71,0.2377
model-1601901485,1601901487.63,10,1.0,0.0386,0.71,0.2386
model-1601901485,1601901487.645,10,0.9,0.0942,0.71,0.2428
model-1601901485,1601901487.66,10,0.8,0.1337,0.71,0.2304
model-1601901485,1601901487.675,10,1.0,0.032,0.57,0.2264
model-1601901485,1601901487.689,10,1.0,0.0459,0.64,0.2218
model-1601901485,1601901487.706,10,1.0,0.0028,0.64,0.226
model-1601901485,1601901487.722,10,1.0,0.026,0.57,0.2288
model-1601901485,1601901487.737,10,0.9,0.0565,0.57,0.2339
model-1601901485,1601901487.752,10,1.0,0.0391,0.57,0.2305
model-1601901485,1601901487.767,10,0.8,0.1204,0.71,0.2236
model-1601901485,1601901487.782,10,1.0,0.0036,0.71,0.2217
model-1601901485,1601901487.797,10,1.0,0.0398,0.64,0.2276
model-1601901485,1601901487.813,10,0.9,0.05,0.64,0.237
model-1601901485,1601901487.827,10,1.0,0.0042,0.71,0.2468
model-1601901485,1601901487.846,11,0.9,0.0491,0.64,0.255
model-1601901485,1601901487.862,11,0.8,0.1836,0.64,0.2648
model-1601901485,1601901487.877,11,1.0,0.0541,0.64,0.2786
model-1601901485,1601901487.892,11,0.9,0.0743,0.64,0.2738
model-1601901485,1601901487.908,11,0.9,0.0742,0.57,0.2672
model-1601901485,1601901487.923,11,1.0,0.0215,0.64,0.2626
model-1601901485,1601901487.938,11,1.0,0.0364,0.64,0.2445
model-1601901485,1601901487.955,11,1.0,0.0016,0.64,0.2355
model-1601901485,1601901487.97,11,1.0,0.0105,0.71,0.2277
model-1601901485,1601901487.986,11,1.0,0.0114,0.71,0.226
model-1601901485,1601901488.001,11,1.0,0.0142,0.64,0.2267
model-1601901485,1601901488.016,11,0.8,0.0662,0.64,0.229
model-1601901485,1601901488.031,11,1.0,0.0042,0.57,0.2317
model-1601901485,1601901488.046,11,1.0,0.0218,0.57,0.2289
model-1601901485,1601901488.061,11,0.9,0.044,0.71,0.2251
model-1601901485,1601901488.075,11,1.0,0.0005,0.71,0.2221
model-1601901485,1601901488.093,12,0.8,0.1005,0.71,0.2216
model-1601901485,1601901488.109,12,0.7,0.1697,0.64,0.236
model-1601901485,1601901488.124,12,1.0,0.0203,0.64,0.255
model-1601901485,1601901488.139,12,0.9,0.0361,0.64,0.2642
model-1601901485,1601901488.155,12,1.0,0.0056,0.64,0.2745
model-1601901485,1601901488.17,12,1.0,0.0122,0.57,0.2829
model-1601901485,1601901488.186,12,1.0,0.0693,0.57,0.2784
model-1601901485,1601901488.208,12,1.0,0.0085,0.64,0.278
model-1601901485,1601901488.226,12,1.0,0.0196,0.64,0.2706
model-1601901485,1601901488.241,12,1.0,0.0127,0.64,0.2707
model-1601901485,1601901488.257,12,0.9,0.0633,0.64,0.2623
model-1601901485,1601901488.272,12,1.0,0.0265,0.64,0.2546
model-1601901485,1601901488.288,12,1.0,0.0104,0.57,0.2493
model-1601901485,1601901488.306,12,1.0,0.0065,0.57,0.2424
model-1601901485,1601901488.322,12,1.0,0.0184,0.57,0.2454
model-1601901485,1601901488.335,12,1.0,0.0001,0.64,0.2479
model-1601901485,1601901488.357,13,0.6,0.2232,0.64,0.256
model-1601901485,1601901488.373,13,0.9,0.0934,0.71,0.2537
model-1601901485,1601901488.389,13,1.0,0.0206,0.71,0.2576
model-1601901485,1601901488.405,13,0.9,0.0746,0.71,0.2632
model-1601901485,1601901488.419,13,0.9,0.0896,0.71,0.2659
model-1601901485,1601901488.435,13,0.9,0.0717,0.71,0.2592
model-1601901485,1601901488.45,13,1.0,0.0083,0.71,0.2566
model-1601901485,1601901488.467,13,1.0,0.0002,0.64,0.252
model-1601901485,1601901488.483,13,1.0,0.0026,0.64,0.247
model-1601901485,1601901488.498,13,1.0,0.0074,0.64,0.2416
model-1601901485,1601901488.513,13,1.0,0.0093,0.64,0.2362
model-1601901485,1601901488.527,13,1.0,0.0088,0.64,0.2335
model-1601901485,1601901488.542,13,1.0,0.0065,0.71,0.231
model-1601901485,1601901488.557,13,1.0,0.0068,0.71,0.2299
model-1601901485,1601901488.574,13,1.0,0.0062,0.71,0.231
model-1601901485,1601901488.587,13,1.0,0.0001,0.71,0.2323
model-1601901485,1601901488.607,14,0.9,0.0512,0.71,0.2319
model-1601901485,1601901488.622,14,1.0,0.0126,0.71,0.2341
model-1601901485,1601901488.637,14,1.0,0.0109,0.64,0.2395
model-1601901485,1601901488.652,14,0.9,0.0345,0.64,0.2422
model-1601901485,1601901488.667,14,1.0,0.0007,0.64,0.2451
model-1601901485,1601901488.682,14,0.9,0.0268,0.64,0.2503
model-1601901485,1601901488.697,14,1.0,0.0016,0.64,0.2528
model-1601901485,1601901488.718,14,1.0,0.0041,0.64,0.2546
model-1601901485,1601901488.736,14,1.0,0.0108,0.64,0.2579
model-1601901485,1601901488.751,14,1.0,0.0044,0.64,0.2614
model-1601901485,1601901488.766,14,1.0,0.0339,0.64,0.2679
model-1601901485,1601901488.781,14,0.9,0.0311,0.64,0.2708
model-1601901485,1601901488.796,14,1.0,0.0097,0.64,0.2686
model-1601901485,1601901488.811,14,1.0,0.0022,0.64,0.2622
model-1601901485,1601901488.827,14,1.0,0.0052,0.64,0.2552
model-1601901485,1601901488.841,14,1.0,0.0,0.71,0.2498
model-1601901485,1601901488.86,15,1.0,0.0116,0.71,0.2471
model-1601901485,1601901488.876,15,1.0,0.019,0.71,0.2471
model-1601901485,1601901488.892,15,1.0,0.0051,0.71,0.2475
model-1601901485,1601901488.907,15,1.0,0.0129,0.71,0.248
model-1601901485,1601901488.923,15,1.0,0.0011,0.71,0.2482
model-1601901485,1601901488.939,15,1.0,0.002,0.71,0.249
model-1601901485,1601901488.954,15,1.0,0.0007,0.71,0.2498
model-1601901485,1601901488.973,15,1.0,0.0033,0.71,0.2514
model-1601901485,1601901488.988,15,1.0,0.0011,0.71,0.2533
model-1601901485,1601901489.004,15,1.0,0.0024,0.71,0.2548
model-1601901485,1601901489.023,15,1.0,0.001,0.71,0.2566
model-1601901485,1601901489.041,15,0.9,0.0322,0.71,0.2632
model-1601901485,1601901489.056,15,1.0,0.0008,0.64,0.2698
model-1601901485,1601901489.079,15,1.0,0.0024,0.64,0.2762
model-1601901485,1601901489.096,15,1.0,0.0013,0.64,0.2819
model-1601901485,1601901489.11,15,1.0,0.0,0.64,0.2868
model-1601901485,1601901489.129,16,1.0,0.0031,0.64,0.2912
model-1601901485,1601901489.145,16,1.0,0.0045,0.64,0.2946
model-1601901485,1601901489.16,16,1.0,0.0045,0.64,0.2955
model-1601901485,1601901489.176,16,1.0,0.0189,0.64,0.2943
model-1601901485,1601901489.191,16,1.0,0.0004,0.64,0.2925
model-1601901485,1601901489.207,16,1.0,0.0005,0.64,0.2915
model-1601901485,1601901489.223,16,1.0,0.0006,0.64,0.2905
model-1601901485,1601901489.245,16,1.0,0.0,0.64,0.2901
model-1601901485,1601901489.264,16,1.0,0.0007,0.64,0.2888
model-1601901485,1601901489.282,16,1.0,0.0003,0.64,0.2881
model-1601901485,1601901489.298,16,1.0,0.0006,0.64,0.2873
model-1601901485,1601901489.314,16,1.0,0.0006,0.64,0.2867
model-1601901485,1601901489.33,16,1.0,0.0012,0.64,0.2861
model-1601901485,1601901489.347,16,1.0,0.0114,0.64,0.2845
model-1601901485,1601901489.363,16,1.0,0.0022,0.64,0.284
model-1601901485,1601901489.376,16,1.0,0.0,0.64,0.2831
model-1601901485,1601901489.396,17,1.0,0.0052,0.64,0.2834
model-1601901485,1601901489.413,17,1.0,0.001,0.64,0.284
model-1601901485,1601901489.429,17,1.0,0.0014,0.64,0.284
model-1601901485,1601901489.444,17,1.0,0.0017,0.64,0.2842
model-1601901485,1601901489.459,17,1.0,0.0004,0.64,0.284
model-1601901485,1601901489.474,17,1.0,0.0002,0.64,0.2843
model-1601901485,1601901489.489,17,1.0,0.0004,0.64,0.2842
model-1601901485,1601901489.506,17,1.0,0.0,0.64,0.2844
model-1601901485,1601901489.522,17,1.0,0.0006,0.64,0.2844
model-1601901485,1601901489.537,17,1.0,0.0009,0.64,0.2845
model-1601901485,1601901489.551,17,1.0,0.0002,0.64,0.2845
model-1601901485,1601901489.565,17,1.0,0.0002,0.64,0.2846
model-1601901485,1601901489.581,17,1.0,0.0004,0.64,0.2846
model-1601901485,1601901489.595,17,1.0,0.0004,0.64,0.2846
model-1601901485,1601901489.612,17,1.0,0.0009,0.64,0.2851
model-1601901485,1601901489.626,17,1.0,0.0,0.64,0.2852
model-1601901485,1601901489.644,18,1.0,0.0018,0.64,0.287
model-1601901485,1601901489.66,18,1.0,0.0004,0.64,0.2887
model-1601901485,1601901489.675,18,1.0,0.0011,0.64,0.2893
model-1601901485,1601901489.69,18,1.0,0.0012,0.64,0.2898
model-1601901485,1601901489.705,18,1.0,0.0002,0.64,0.2903
model-1601901485,1601901489.72,18,1.0,0.0001,0.64,0.2909
model-1601901485,1601901489.735,18,1.0,0.0002,0.64,0.2912
model-1601901485,1601901489.753,18,1.0,0.0,0.64,0.2915
model-1601901485,1601901489.769,18,1.0,0.0005,0.64,0.2919
model-1601901485,1601901489.784,18,1.0,0.0005,0.64,0.2924
model-1601901485,1601901489.799,18,1.0,0.0002,0.64,0.2925
model-1601901485,1601901489.814,18,1.0,0.0001,0.64,0.2927
model-1601901485,1601901489.829,18,1.0,0.0003,0.64,0.2924
model-1601901485,1601901489.844,18,1.0,0.0002,0.64,0.2922
model-1601901485,1601901489.862,18,1.0,0.0004,0.64,0.2917
model-1601901485,1601901489.875,18,1.0,0.0,0.64,0.2911
model-1601901485,1601901489.894,19,1.0,0.0006,0.64,0.292
model-1601901485,1601901489.91,19,1.0,0.0002,0.64,0.293
model-1601901485,1601901489.924,19,1.0,0.0007,0.64,0.2928
model-1601901485,1601901489.939,19,1.0,0.0009,0.64,0.2919
model-1601901485,1601901489.954,19,1.0,0.0001,0.64,0.2911
model-1601901485,1601901489.969,19,1.0,0.0,0.64,0.2903
model-1601901485,1601901489.985,19,1.0,0.0001,0.64,0.2896
model-1601901485,1601901490.002,19,1.0,0.0,0.64,0.2888
model-1601901485,1601901490.018,19,1.0,0.0001,0.64,0.2884
model-1601901485,1601901490.033,19,1.0,0.0003,0.64,0.2886
model-1601901485,1601901490.048,19,1.0,0.0001,0.64,0.2886
model-1601901485,1601901490.063,19,1.0,0.0001,0.64,0.2894
model-1601901485,1601901490.078,19,1.0,0.0001,0.64,0.2898
model-1601901485,1601901490.093,19,1.0,0.0001,0.64,0.29
model-1601901485,1601901490.109,19,1.0,0.0001,0.64,0.2908
model-1601901485,1601901490.127,19,1.0,0.0,0.64,0.2916
model-1601901485,1601901490.146,20,1.0,0.0005,0.64,0.2944
model-1601901485,1601901490.162,20,1.0,0.0002,0.64,0.2972
model-1601901485,1601901490.177,20,1.0,0.0002,0.64,0.2986
model-1601901485,1601901490.192,20,1.0,0.0006,0.64,0.2993
model-1601901485,1601901490.207,20,1.0,0.0,0.64,0.3004
model-1601901485,1601901490.222,20,1.0,0.0,0.64,0.3014
model-1601901485,1601901490.237,20,1.0,0.0,0.64,0.3024
model-1601901485,1601901490.255,20,1.0,0.0,0.64,0.3033
model-1601901485,1601901490.271,20,1.0,0.0001,0.64,0.3043
model-1601901485,1601901490.285,20,1.0,0.0001,0.64,0.3058
model-1601901485,1601901490.3,20,1.0,0.0,0.64,0.3067
model-1601901485,1601901490.315,20,1.0,0.0001,0.64,0.308
model-1601901485,1601901490.33,20,1.0,0.0001,0.64,0.308
model-1601901485,1601901490.345,20,1.0,0.0,0.64,0.3078
model-1601901485,1601901490.362,20,1.0,0.0001,0.64,0.3073
model-1601901485,1601901490.376,20,1.0,0.0,0.64,0.3068
model-1601901485,1601901490.394,21,1.0,0.0003,0.64,0.3082
model-1601901485,1601901490.411,21,1.0,0.0001,0.64,0.3095
model-1601901485,1601901490.426,21,1.0,0.0002,0.64,0.3091
model-1601901485,1601901490.441,21,1.0,0.0002,0.64,0.3079
model-1601901485,1601901490.456,21,1.0,0.0,0.64,0.3068
model-1601901485,1601901490.471,21,1.0,0.0,0.64,0.3059
model-1601901485,1601901490.486,21,1.0,0.0,0.64,0.3052
model-1601901485,1601901490.504,21,1.0,0.0,0.64,0.3045
model-1601901485,1601901490.519,21,1.0,0.0,0.64,0.304
model-1601901485,1601901490.534,21,1.0,0.0001,0.64,0.3038
model-1601901485,1601901490.549,21,1.0,0.0,0.64,0.3035
model-1601901485,1601901490.564,21,1.0,0.0001,0.64,0.3042
model-1601901485,1601901490.579,21,1.0,0.0001,0.64,0.3041
model-1601901485,1601901490.594,21,1.0,0.0,0.64,0.304
model-1601901485,1601901490.611,21,1.0,0.0,0.64,0.304
model-1601901485,1601901490.625,21,1.0,0.0,0.64,0.304
model-1601901485,1601901490.644,22,1.0,0.0002,0.64,0.3063
model-1601901485,1601901490.66,22,1.0,0.0001,0.64,0.3088
model-1601901485,1601901490.674,22,1.0,0.0001,0.64,0.3097
model-1601901485,1601901490.69,22,1.0,0.0001,0.64,0.3099
model-1601901485,1601901490.705,22,1.0,0.0,0.64,0.3101
model-1601901485,1601901490.72,22,1.0,0.0,0.64,0.3104
model-1601901485,1601901490.735,22,1.0,0.0,0.64,0.3107
model-1601901485,1601901490.752,22,1.0,0.0,0.64,0.311
model-1601901485,1601901490.767,22,1.0,0.0,0.64,0.3111
model-1601901485,1601901490.782,22,1.0,0.0,0.64,0.3116
model-1601901485,1601901490.797,22,1.0,0.0,0.64,0.3116
model-1601901485,1601901490.812,22,1.0,0.0,0.64,0.3118
model-1601901485,1601901490.827,22,1.0,0.0001,0.64,0.3107
model-1601901485,1601901490.842,22,1.0,0.0,0.64,0.3097
model-1601901485,1601901490.86,22,1.0,0.0,0.64,0.3082
model-1601901485,1601901490.877,22,1.0,0.0,0.64,0.3068
model-1601901485,1601901490.896,23,1.0,0.0001,0.64,0.3069
model-1601901485,1601901490.912,23,1.0,0.0001,0.64,0.3072
model-1601901485,1601901490.927,23,1.0,0.0001,0.64,0.3067
model-1601901485,1601901490.942,23,1.0,0.0001,0.64,0.3057
model-1601901485,1601901490.957,23,1.0,0.0,0.64,0.3049
model-1601901485,1601901490.972,23,1.0,0.0,0.64,0.3041
model-1601901485,1601901490.988,23,1.0,0.0,0.64,0.3039
model-1601901485,1601901491.005,23,1.0,0.0,0.64,0.3036
model-1601901485,1601901491.021,23,1.0,0.0,0.64,0.3034
model-1601901485,1601901491.036,23,1.0,0.0,0.64,0.3035
model-1601901485,1601901491.05,23,1.0,0.0,0.64,0.3033
model-1601901485,1601901491.065,23,1.0,0.0,0.64,0.3038
model-1601901485,1601901491.08,23,1.0,0.0,0.64,0.3035
model-1601901485,1601901491.095,23,1.0,0.0,0.64,0.3032
model-1601901485,1601901491.113,23,1.0,0.0,0.64,0.303
model-1601901485,1601901491.126,23,1.0,0.0,0.64,0.3028
model-1601901485,1601901491.144,24,1.0,0.0001,0.64,0.3043
model-1601901485,1601901491.161,24,1.0,0.0001,0.64,0.3061
model-1601901485,1601901491.176,24,1.0,0.0001,0.64,0.307
model-1601901485,1601901491.191,24,1.0,0.0001,0.64,0.3074
model-1601901485,1601901491.206,24,1.0,0.0,0.64,0.3078
model-1601901485,1601901491.221,24,1.0,0.0,0.64,0.3082
model-1601901485,1601901491.236,24,1.0,0.0,0.64,0.3088
model-1601901485,1601901491.254,24,1.0,0.0,0.64,0.3093
model-1601901485,1601901491.269,24,1.0,0.0,0.64,0.3097
model-1601901485,1601901491.284,24,1.0,0.0,0.64,0.3103
model-1601901485,1601901491.299,24,1.0,0.0,0.64,0.3106
model-1601901485,1601901491.314,24,1.0,0.0,0.64,0.311
model-1601901485,1601901491.329,24,1.0,0.0,0.64,0.3102
model-1601901485,1601901491.345,24,1.0,0.0,0.64,0.3094
model-1601901485,1601901491.362,24,1.0,0.0,0.64,0.3083
model-1601901485,1601901491.376,24,1.0,0.0,0.64,0.3072
model-1601901485,1601901491.393,25,1.0,0.0001,0.64,0.3073
model-1601901485,1601901491.411,25,1.0,0.0,0.64,0.3075
model-1601901485,1601901491.425,25,1.0,0.0,0.64,0.307
model-1601901485,1601901491.44,25,1.0,0.0001,0.64,0.3061
model-1601901485,1601901491.455,25,1.0,0.0,0.64,0.3053
model-1601901485,1601901491.47,25,1.0,0.0,0.64,0.3046
model-1601901485,1601901491.484,25,1.0,0.0,0.64,0.3044
model-1601901485,1601901491.501,25,1.0,0.0,0.64,0.3042
model-1601901485,1601901491.517,25,1.0,0.0,0.64,0.304
model-1601901485,1601901491.532,25,1.0,0.0,0.64,0.3041
model-1601901485,1601901491.547,25,1.0,0.0,0.64,0.304
model-1601901485,1601901491.562,25,1.0,0.0,0.64,0.3043
model-1601901485,1601901491.577,25,1.0,0.0,0.64,0.304
model-1601901485,1601901491.592,25,1.0,0.0,0.64,0.3037
model-1601901485,1601901491.609,25,1.0,0.0,0.64,0.3035
model-1601901485,1601901491.623,25,1.0,0.0,0.64,0.3032
model-1601901485,1601901491.642,26,1.0,0.0001,0.64,0.3043
model-1601901485,1601901491.661,26,1.0,0.0,0.64,0.3056
model-1601901485,1601901491.68,26,1.0,0.0,0.64,0.3062
model-1601901485,1601901491.695,26,1.0,0.0,0.64,0.3064
model-1601901485,1601901491.71,26,1.0,0.0,0.64,0.3067
model-1601901485,1601901491.725,26,1.0,0.0,0.64,0.3069
model-1601901485,1601901491.74,26,1.0,0.0,0.64,0.3074
model-1601901485,1601901491.758,26,1.0,0.0,0.64,0.3079
model-1601901485,1601901491.773,26,1.0,0.0,0.64,0.3083
model-1601901485,1601901491.788,26,1.0,0.0,0.64,0.3088
model-1601901485,1601901491.803,26,1.0,0.0,0.64,0.3091
model-1601901485,1601901491.818,26,1.0,0.0,0.64,0.3095
model-1601901485,1601901491.833,26,1.0,0.0,0.64,0.3091
model-1601901485,1601901491.848,26,1.0,0.0,0.64,0.3087
model-1601901485,1601901491.865,26,1.0,0.0,0.64,0.308
model-1601901485,1601901491.879,26,1.0,0.0,0.64,0.3073
model-1601901485,1601901491.898,27,1.0,0.0001,0.64,0.3075
model-1601901485,1601901491.913,27,1.0,0.0,0.64,0.3078
model-1601901485,1601901491.928,27,1.0,0.0,0.64,0.3075
model-1601901485,1601901491.943,27,1.0,0.0,0.64,0.3068
model-1601901485,1601901491.958,27,1.0,0.0,0.64,0.3062
model-1601901485,1601901491.973,27,1.0,0.0,0.64,0.3057
model-1601901485,1601901491.989,27,1.0,0.0,0.64,0.3055
model-1601901485,1601901492.006,27,1.0,0.0,0.64,0.3054
model-1601901485,1601901492.022,27,1.0,0.0,0.64,0.3053
model-1601901485,1601901492.036,27,1.0,0.0,0.64,0.3054
model-1601901485,1601901492.051,27,1.0,0.0,0.64,0.3054
model-1601901485,1601901492.066,27,1.0,0.0,0.64,0.3056
model-1601901485,1601901492.082,27,1.0,0.0,0.64,0.3053
model-1601901485,1601901492.097,27,1.0,0.0,0.64,0.3049
model-1601901485,1601901492.115,27,1.0,0.0,0.64,0.3046
model-1601901485,1601901492.128,27,1.0,0.0,0.64,0.3042
model-1601901485,1601901492.147,28,1.0,0.0001,0.64,0.305
model-1601901485,1601901492.163,28,1.0,0.0,0.64,0.306
model-1601901485,1601901492.177,28,1.0,0.0,0.64,0.3066
model-1601901485,1601901492.192,28,1.0,0.0,0.64,0.3067
model-1601901485,1601901492.207,28,1.0,0.0,0.64,0.3069
model-1601901485,1601901492.222,28,1.0,0.0,0.64,0.307
model-1601901485,1601901492.238,28,1.0,0.0,0.64,0.3075
model-1601901485,1601901492.255,28,1.0,0.0,0.64,0.3079
model-1601901485,1601901492.271,28,1.0,0.0,0.64,0.3082
model-1601901485,1601901492.286,28,1.0,0.0,0.64,0.3087
model-1601901485,1601901492.301,28,1.0,0.0,0.64,0.309
model-1601901485,1601901492.316,28,1.0,0.0,0.64,0.3094
model-1601901485,1601901492.331,28,1.0,0.0,0.64,0.3091
model-1601901485,1601901492.346,28,1.0,0.0,0.64,0.3088
model-1601901485,1601901492.363,28,1.0,0.0,0.64,0.3083
model-1601901485,1601901492.376,28,1.0,0.0,0.64,0.3078
model-1601901485,1601901492.399,29,1.0,0.0,0.64,0.3081
model-1601901485,1601901492.417,29,1.0,0.0,0.64,0.3085
model-1601901485,1601901492.433,29,1.0,0.0,0.64,0.3083
model-1601901485,1601901492.449,29,1.0,0.0,0.64,0.3079
model-1601901485,1601901492.464,29,1.0,0.0,0.64,0.3075
model-1601901485,1601901492.479,29,1.0,0.0,0.64,0.3072
model-1601901485,1601901492.494,29,1.0,0.0,0.64,0.3073
model-1601901485,1601901492.511,29,1.0,0.0,0.64,0.3073
model-1601901485,1601901492.527,29,1.0,0.0,0.64,0.3073
model-1601901485,1601901492.541,29,1.0,0.0,0.64,0.3074
model-1601901485,1601901492.556,29,1.0,0.0,0.64,0.3074
model-1601901485,1601901492.571,29,1.0,0.0,0.64,0.3076
model-1601901485,1601901492.586,29,1.0,0.0,0.64,0.3072
model-1601901485,1601901492.601,29,1.0,0.0,0.64,0.3069
model-1601901485,1601901492.618,29,1.0,0.0,0.64,0.3065
model-1601901485,1601901492.632,29,1.0,0.0,0.64,0.3061
